{"C:\\Users\\clari\\Documents\\Safira\\SafiraServerSide\\src\\database.js": {"path":"C:\\Users\\clari\\Documents\\Safira\\SafiraServerSide\\src\\database.js","statementMap":{"0":{"start":{"line":1,"column":0},"end":{"line":1,"column":25}},"1":{"start":{"line":3,"column":17},"end":{"line":3,"column":30}},"2":{"start":{"line":4,"column":13},"end":{"line":10,"column":2}},"3":{"start":{"line":12,"column":0},"end":{"line":12,"column":26}}},"fnMap":{},"branchMap":{},"s":{"0":8,"1":8,"2":8,"3":8},"f":{},"b":{},"inputSourceMap":null,"_coverageSchema":"1a1c01bbd47fc00a2c39e90264f33305004495a9","hash":"fabf031fbdef2f80ed12478b5c8873b28ff49afd"}
,"C:\\Users\\clari\\Documents\\Safira\\SafiraServerSide\\src\\controllers\\cardController.js": {"path":"C:\\Users\\clari\\Documents\\Safira\\SafiraServerSide\\src\\controllers\\cardController.js","statementMap":{"0":{"start":{"line":1,"column":26},"end":{"line":1,"column":60}},"1":{"start":{"line":2,"column":26},"end":{"line":2,"column":60}},"2":{"start":{"line":3,"column":23},"end":{"line":3,"column":57}},"3":{"start":{"line":4,"column":26},"end":{"line":4,"column":60}},"4":{"start":{"line":7,"column":19},"end":{"line":24,"column":1}},"5":{"start":{"line":9,"column":35},"end":{"line":9,"column":43}},"6":{"start":{"line":11,"column":4},"end":{"line":11,"column":61}},"7":{"start":{"line":13,"column":4},"end":{"line":19,"column":5}},"8":{"start":{"line":14,"column":8},"end":{"line":14,"column":48}},"9":{"start":{"line":17,"column":8},"end":{"line":17,"column":33}},"10":{"start":{"line":18,"column":8},"end":{"line":18,"column":79}},"11":{"start":{"line":22,"column":4},"end":{"line":22,"column":27}},"12":{"start":{"line":26,"column":19},"end":{"line":41,"column":1}},"13":{"start":{"line":28,"column":35},"end":{"line":28,"column":43}},"14":{"start":{"line":30,"column":4},"end":{"line":30,"column":61}},"15":{"start":{"line":32,"column":4},"end":{"line":40,"column":5}},"16":{"start":{"line":33,"column":8},"end":{"line":33,"column":26}},"17":{"start":{"line":34,"column":8},"end":{"line":34,"column":48}},"18":{"start":{"line":35,"column":8},"end":{"line":35,"column":60}},"19":{"start":{"line":36,"column":8},"end":{"line":36,"column":15}},"20":{"start":{"line":39,"column":8},"end":{"line":39,"column":79}},"21":{"start":{"line":43,"column":16},"end":{"line":58,"column":1}},"22":{"start":{"line":45,"column":44},"end":{"line":45,"column":52}},"23":{"start":{"line":47,"column":4},"end":{"line":47,"column":79}},"24":{"start":{"line":49,"column":4},"end":{"line":57,"column":5}},"25":{"start":{"line":50,"column":8},"end":{"line":50,"column":63}},"26":{"start":{"line":51,"column":8},"end":{"line":51,"column":28}},"27":{"start":{"line":52,"column":8},"end":{"line":52,"column":25}},"28":{"start":{"line":53,"column":8},"end":{"line":53,"column":15}},"29":{"start":{"line":56,"column":8},"end":{"line":56,"column":79}},"30":{"start":{"line":60,"column":18},"end":{"line":74,"column":1}},"31":{"start":{"line":62,"column":50},"end":{"line":62,"column":58}},"32":{"start":{"line":64,"column":4},"end":{"line":64,"column":85}},"33":{"start":{"line":66,"column":4},"end":{"line":73,"column":5}},"34":{"start":{"line":67,"column":8},"end":{"line":67,"column":63}},"35":{"start":{"line":68,"column":8},"end":{"line":68,"column":82}},"36":{"start":{"line":69,"column":8},"end":{"line":69,"column":15}},"37":{"start":{"line":72,"column":8},"end":{"line":72,"column":79}},"38":{"start":{"line":76,"column":0},"end":{"line":81,"column":1}}},"fnMap":{"0":{"name":"(anonymous_0)","decl":{"start":{"line":7,"column":19},"end":{"line":7,"column":20}},"loc":{"start":{"line":7,"column":45},"end":{"line":24,"column":1}},"line":7},"1":{"name":"(anonymous_1)","decl":{"start":{"line":26,"column":19},"end":{"line":26,"column":20}},"loc":{"start":{"line":26,"column":45},"end":{"line":41,"column":1}},"line":26},"2":{"name":"(anonymous_2)","decl":{"start":{"line":43,"column":16},"end":{"line":43,"column":17}},"loc":{"start":{"line":43,"column":42},"end":{"line":58,"column":1}},"line":43},"3":{"name":"(anonymous_3)","decl":{"start":{"line":60,"column":18},"end":{"line":60,"column":19}},"loc":{"start":{"line":60,"column":44},"end":{"line":74,"column":1}},"line":60}},"branchMap":{},"s":{"0":2,"1":2,"2":2,"3":2,"4":2,"5":4,"6":4,"7":4,"8":4,"9":2,"10":2,"11":2,"12":2,"13":4,"14":4,"15":4,"16":4,"17":4,"18":2,"19":2,"20":2,"21":2,"22":0,"23":0,"24":0,"25":0,"26":0,"27":0,"28":0,"29":0,"30":2,"31":4,"32":4,"33":4,"34":4,"35":2,"36":2,"37":2,"38":2},"f":{"0":4,"1":4,"2":0,"3":4},"b":{},"inputSourceMap":null,"_coverageSchema":"1a1c01bbd47fc00a2c39e90264f33305004495a9","hash":"8a1f7225f360f4b1a88eacb8674e0909a5918721"}
,"C:\\Users\\clari\\Documents\\Safira\\SafiraServerSide\\src\\controllers\\categoriaController.js": {"path":"C:\\Users\\clari\\Documents\\Safira\\SafiraServerSide\\src\\controllers\\categoriaController.js","statementMap":{"0":{"start":{"line":1,"column":26},"end":{"line":1,"column":65}},"1":{"start":{"line":2,"column":31},"end":{"line":2,"column":70}},"2":{"start":{"line":3,"column":36},"end":{"line":3,"column":75}},"3":{"start":{"line":4,"column":36},"end":{"line":4,"column":75}},"4":{"start":{"line":5,"column":21},"end":{"line":5,"column":60}},"5":{"start":{"line":6,"column":35},"end":{"line":6,"column":74}},"6":{"start":{"line":8,"column":29},"end":{"line":21,"column":1}},"7":{"start":{"line":10,"column":41},"end":{"line":10,"column":49}},"8":{"start":{"line":12,"column":4},"end":{"line":20,"column":5}},"9":{"start":{"line":13,"column":8},"end":{"line":13,"column":64}},"10":{"start":{"line":14,"column":8},"end":{"line":14,"column":24}},"11":{"start":{"line":15,"column":8},"end":{"line":15,"column":15}},"12":{"start":{"line":18,"column":8},"end":{"line":18,"column":44}},"13":{"start":{"line":19,"column":8},"end":{"line":19,"column":79}},"14":{"start":{"line":23,"column":29},"end":{"line":36,"column":1}},"15":{"start":{"line":25,"column":16},"end":{"line":25,"column":29}},"16":{"start":{"line":27,"column":4},"end":{"line":35,"column":5}},"17":{"start":{"line":28,"column":8},"end":{"line":28,"column":42}},"18":{"start":{"line":29,"column":8},"end":{"line":29,"column":28}},"19":{"start":{"line":30,"column":8},"end":{"line":30,"column":15}},"20":{"start":{"line":33,"column":8},"end":{"line":33,"column":78}},"21":{"start":{"line":34,"column":8},"end":{"line":34,"column":23}},"22":{"start":{"line":38,"column":28},"end":{"line":49,"column":1}},"23":{"start":{"line":40,"column":20},"end":{"line":40,"column":37}},"24":{"start":{"line":41,"column":4},"end":{"line":48,"column":5}},"25":{"start":{"line":42,"column":31},"end":{"line":42,"column":68}},"26":{"start":{"line":43,"column":8},"end":{"line":43,"column":35}},"27":{"start":{"line":44,"column":8},"end":{"line":44,"column":15}},"28":{"start":{"line":47,"column":8},"end":{"line":47,"column":78}},"29":{"start":{"line":51,"column":25},"end":{"line":64,"column":1}},"30":{"start":{"line":52,"column":4},"end":{"line":63,"column":5}},"31":{"start":{"line":53,"column":25},"end":{"line":53,"column":46}},"32":{"start":{"line":54,"column":8},"end":{"line":54,"column":32}},"33":{"start":{"line":56,"column":8},"end":{"line":56,"column":44}},"34":{"start":{"line":58,"column":8},"end":{"line":58,"column":15}},"35":{"start":{"line":61,"column":8},"end":{"line":61,"column":23}},"36":{"start":{"line":62,"column":8},"end":{"line":62,"column":28}},"37":{"start":{"line":66,"column":21},"end":{"line":87,"column":1}},"38":{"start":{"line":68,"column":20},"end":{"line":68,"column":37}},"39":{"start":{"line":69,"column":23},"end":{"line":69,"column":43}},"40":{"start":{"line":70,"column":21},"end":{"line":70,"column":39}},"41":{"start":{"line":72,"column":4},"end":{"line":72,"column":104}},"42":{"start":{"line":74,"column":4},"end":{"line":86,"column":5}},"43":{"start":{"line":75,"column":8},"end":{"line":75,"column":73}},"44":{"start":{"line":76,"column":8},"end":{"line":76,"column":35}},"45":{"start":{"line":77,"column":8},"end":{"line":77,"column":28}},"46":{"start":{"line":78,"column":8},"end":{"line":78,"column":25}},"47":{"start":{"line":79,"column":8},"end":{"line":79,"column":15}},"48":{"start":{"line":82,"column":8},"end":{"line":82,"column":22}},"49":{"start":{"line":83,"column":8},"end":{"line":85,"column":12}},"50":{"start":{"line":89,"column":26},"end":{"line":110,"column":1}},"51":{"start":{"line":91,"column":20},"end":{"line":91,"column":37}},"52":{"start":{"line":92,"column":23},"end":{"line":92,"column":43}},"53":{"start":{"line":93,"column":21},"end":{"line":93,"column":39}},"54":{"start":{"line":95,"column":4},"end":{"line":95,"column":108}},"55":{"start":{"line":97,"column":4},"end":{"line":109,"column":5}},"56":{"start":{"line":98,"column":8},"end":{"line":98,"column":63}},"57":{"start":{"line":99,"column":8},"end":{"line":99,"column":35}},"58":{"start":{"line":100,"column":8},"end":{"line":100,"column":28}},"59":{"start":{"line":101,"column":8},"end":{"line":101,"column":25}},"60":{"start":{"line":102,"column":8},"end":{"line":102,"column":15}},"61":{"start":{"line":105,"column":8},"end":{"line":105,"column":22}},"62":{"start":{"line":106,"column":8},"end":{"line":108,"column":12}},"63":{"start":{"line":112,"column":0},"end":{"line":119,"column":1}}},"fnMap":{"0":{"name":"(anonymous_0)","decl":{"start":{"line":8,"column":29},"end":{"line":8,"column":30}},"loc":{"start":{"line":8,"column":55},"end":{"line":21,"column":1}},"line":8},"1":{"name":"(anonymous_1)","decl":{"start":{"line":23,"column":29},"end":{"line":23,"column":30}},"loc":{"start":{"line":23,"column":55},"end":{"line":36,"column":1}},"line":23},"2":{"name":"(anonymous_2)","decl":{"start":{"line":38,"column":28},"end":{"line":38,"column":29}},"loc":{"start":{"line":38,"column":54},"end":{"line":49,"column":1}},"line":38},"3":{"name":"(anonymous_3)","decl":{"start":{"line":51,"column":25},"end":{"line":51,"column":26}},"loc":{"start":{"line":51,"column":50},"end":{"line":64,"column":1}},"line":51},"4":{"name":"(anonymous_4)","decl":{"start":{"line":66,"column":21},"end":{"line":66,"column":22}},"loc":{"start":{"line":66,"column":47},"end":{"line":87,"column":1}},"line":66},"5":{"name":"(anonymous_5)","decl":{"start":{"line":89,"column":26},"end":{"line":89,"column":27}},"loc":{"start":{"line":89,"column":52},"end":{"line":110,"column":1}},"line":89}},"branchMap":{},"s":{"0":2,"1":2,"2":2,"3":2,"4":2,"5":2,"6":2,"7":4,"8":4,"9":4,"10":2,"11":2,"12":2,"13":2,"14":2,"15":0,"16":0,"17":0,"18":0,"19":0,"20":0,"21":0,"22":2,"23":0,"24":0,"25":0,"26":0,"27":0,"28":0,"29":2,"30":0,"31":0,"32":0,"33":0,"34":0,"35":0,"36":0,"37":2,"38":0,"39":0,"40":0,"41":0,"42":0,"43":0,"44":0,"45":0,"46":0,"47":0,"48":0,"49":0,"50":2,"51":0,"52":0,"53":0,"54":0,"55":0,"56":0,"57":0,"58":0,"59":0,"60":0,"61":0,"62":0,"63":2},"f":{"0":4,"1":0,"2":0,"3":0,"4":0,"5":0},"b":{},"inputSourceMap":null,"_coverageSchema":"1a1c01bbd47fc00a2c39e90264f33305004495a9","hash":"4fd7398489d12d9d77ea97e17794e88bbfdbf85d"}
,"C:\\Users\\clari\\Documents\\Safira\\SafiraServerSide\\src\\controllers\\lancamentoController.js": {"path":"C:\\Users\\clari\\Documents\\Safira\\SafiraServerSide\\src\\controllers\\lancamentoController.js","statementMap":{"0":{"start":{"line":1,"column":32},"end":{"line":1,"column":72}},"1":{"start":{"line":2,"column":32},"end":{"line":2,"column":72}},"2":{"start":{"line":3,"column":32},"end":{"line":3,"column":72}},"3":{"start":{"line":6,"column":25},"end":{"line":23,"column":1}},"4":{"start":{"line":8,"column":158},"end":{"line":8,"column":166}},"5":{"start":{"line":10,"column":4},"end":{"line":12,"column":110}},"6":{"start":{"line":14,"column":4},"end":{"line":22,"column":5}},"7":{"start":{"line":15,"column":8},"end":{"line":15,"column":179}},"8":{"start":{"line":16,"column":8},"end":{"line":16,"column":24}},"9":{"start":{"line":17,"column":8},"end":{"line":17,"column":15}},"10":{"start":{"line":20,"column":8},"end":{"line":20,"column":33}},"11":{"start":{"line":21,"column":8},"end":{"line":21,"column":127}},"12":{"start":{"line":26,"column":25},"end":{"line":38,"column":1}},"13":{"start":{"line":28,"column":15},"end":{"line":28,"column":28}},"14":{"start":{"line":30,"column":4},"end":{"line":37,"column":5}},"15":{"start":{"line":31,"column":8},"end":{"line":31,"column":38}},"16":{"start":{"line":32,"column":8},"end":{"line":32,"column":64}},"17":{"start":{"line":33,"column":8},"end":{"line":33,"column":15}},"18":{"start":{"line":36,"column":8},"end":{"line":36,"column":79}},"19":{"start":{"line":40,"column":22},"end":{"line":66,"column":1}},"20":{"start":{"line":42,"column":20},"end":{"line":42,"column":37}},"21":{"start":{"line":43,"column":15},"end":{"line":43,"column":27}},"22":{"start":{"line":44,"column":25},"end":{"line":44,"column":45}},"23":{"start":{"line":45,"column":19},"end":{"line":45,"column":35}},"24":{"start":{"line":46,"column":19},"end":{"line":46,"column":35}},"25":{"start":{"line":47,"column":23},"end":{"line":47,"column":43}},"26":{"start":{"line":48,"column":21},"end":{"line":48,"column":39}},"27":{"start":{"line":49,"column":20},"end":{"line":49,"column":37}},"28":{"start":{"line":51,"column":4},"end":{"line":51,"column":183}},"29":{"start":{"line":53,"column":4},"end":{"line":65,"column":5}},"30":{"start":{"line":54,"column":8},"end":{"line":54,"column":117}},"31":{"start":{"line":55,"column":8},"end":{"line":55,"column":35}},"32":{"start":{"line":56,"column":8},"end":{"line":56,"column":28}},"33":{"start":{"line":57,"column":8},"end":{"line":57,"column":25}},"34":{"start":{"line":58,"column":8},"end":{"line":58,"column":15}},"35":{"start":{"line":61,"column":8},"end":{"line":61,"column":22}},"36":{"start":{"line":62,"column":8},"end":{"line":64,"column":12}},"37":{"start":{"line":68,"column":0},"end":{"line":72,"column":1}}},"fnMap":{"0":{"name":"(anonymous_0)","decl":{"start":{"line":6,"column":25},"end":{"line":6,"column":26}},"loc":{"start":{"line":6,"column":51},"end":{"line":23,"column":1}},"line":6},"1":{"name":"(anonymous_1)","decl":{"start":{"line":26,"column":25},"end":{"line":26,"column":26}},"loc":{"start":{"line":26,"column":51},"end":{"line":38,"column":1}},"line":26},"2":{"name":"(anonymous_2)","decl":{"start":{"line":40,"column":22},"end":{"line":40,"column":23}},"loc":{"start":{"line":40,"column":48},"end":{"line":66,"column":1}},"line":40}},"branchMap":{},"s":{"0":2,"1":2,"2":2,"3":2,"4":4,"5":4,"6":4,"7":4,"8":2,"9":2,"10":2,"11":2,"12":2,"13":4,"14":4,"15":4,"16":2,"17":2,"18":2,"19":2,"20":0,"21":0,"22":0,"23":0,"24":0,"25":0,"26":0,"27":0,"28":0,"29":0,"30":0,"31":0,"32":0,"33":0,"34":0,"35":0,"36":0,"37":2},"f":{"0":4,"1":4,"2":0},"b":{},"inputSourceMap":null,"_coverageSchema":"1a1c01bbd47fc00a2c39e90264f33305004495a9","hash":"566fea980a595bb1b8a6cf1e19ae36dc0a0bd1c4"}
,"C:\\Users\\clari\\Documents\\Safira\\SafiraServerSide\\src\\controllers\\planejamentoController.js": {"path":"C:\\Users\\clari\\Documents\\Safira\\SafiraServerSide\\src\\controllers\\planejamentoController.js","statementMap":{"0":{"start":{"line":1,"column":34},"end":{"line":1,"column":76}},"1":{"start":{"line":2,"column":34},"end":{"line":2,"column":76}},"2":{"start":{"line":3,"column":34},"end":{"line":3,"column":76}},"3":{"start":{"line":5,"column":27},"end":{"line":43,"column":1}},"4":{"start":{"line":6,"column":18},"end":{"line":6,"column":26}},"5":{"start":{"line":7,"column":4},"end":{"line":7,"column":86}},"6":{"start":{"line":9,"column":4},"end":{"line":39,"column":5}},"7":{"start":{"line":12,"column":8},"end":{"line":14,"column":9}},"8":{"start":{"line":13,"column":12},"end":{"line":13,"column":133}},"9":{"start":{"line":16,"column":8},"end":{"line":18,"column":9}},"10":{"start":{"line":17,"column":12},"end":{"line":17,"column":95}},"11":{"start":{"line":20,"column":8},"end":{"line":29,"column":9}},"12":{"start":{"line":21,"column":12},"end":{"line":25,"column":13}},"13":{"start":{"line":22,"column":16},"end":{"line":22,"column":51}},"14":{"start":{"line":23,"column":16},"end":{"line":23,"column":58}},"15":{"start":{"line":24,"column":12},"end":{"line":24,"column":95}},"16":{"start":{"line":28,"column":12},"end":{"line":28,"column":113}},"17":{"start":{"line":31,"column":8},"end":{"line":37,"column":9}},"18":{"start":{"line":32,"column":12},"end":{"line":32,"column":95}},"19":{"start":{"line":35,"column":12},"end":{"line":35,"column":37}},"20":{"start":{"line":36,"column":12},"end":{"line":36,"column":83}},"21":{"start":{"line":41,"column":4},"end":{"line":41,"column":26}},"22":{"start":{"line":45,"column":27},"end":{"line":58,"column":1}},"23":{"start":{"line":47,"column":17},"end":{"line":47,"column":25}},"24":{"start":{"line":48,"column":4},"end":{"line":48,"column":48}},"25":{"start":{"line":49,"column":4},"end":{"line":57,"column":5}},"26":{"start":{"line":50,"column":8},"end":{"line":50,"column":79}},"27":{"start":{"line":51,"column":8},"end":{"line":51,"column":66}},"28":{"start":{"line":52,"column":8},"end":{"line":52,"column":15}},"29":{"start":{"line":55,"column":8},"end":{"line":55,"column":34}},"30":{"start":{"line":56,"column":8},"end":{"line":56,"column":79}},"31":{"start":{"line":60,"column":24},"end":{"line":114,"column":1}},"32":{"start":{"line":61,"column":4},"end":{"line":61,"column":85}},"33":{"start":{"line":63,"column":20},"end":{"line":63,"column":37}},"34":{"start":{"line":64,"column":16},"end":{"line":64,"column":29}},"35":{"start":{"line":66,"column":4},"end":{"line":66,"column":55}},"36":{"start":{"line":68,"column":4},"end":{"line":70,"column":5}},"37":{"start":{"line":69,"column":8},"end":{"line":69,"column":96}},"38":{"start":{"line":71,"column":4},"end":{"line":73,"column":5}},"39":{"start":{"line":72,"column":8},"end":{"line":72,"column":86}},"40":{"start":{"line":74,"column":4},"end":{"line":76,"column":5}},"41":{"start":{"line":75,"column":8},"end":{"line":75,"column":91}},"42":{"start":{"line":78,"column":4},"end":{"line":87,"column":5}},"43":{"start":{"line":79,"column":8},"end":{"line":83,"column":9}},"44":{"start":{"line":80,"column":12},"end":{"line":80,"column":42}},"45":{"start":{"line":81,"column":12},"end":{"line":81,"column":49}},"46":{"start":{"line":82,"column":8},"end":{"line":82,"column":91}},"47":{"start":{"line":86,"column":8},"end":{"line":86,"column":109}},"48":{"start":{"line":89,"column":21},"end":{"line":101,"column":104}},"49":{"start":{"line":103,"column":4},"end":{"line":103,"column":44}},"50":{"start":{"line":105,"column":4},"end":{"line":113,"column":5}},"51":{"start":{"line":106,"column":8},"end":{"line":106,"column":57}},"52":{"start":{"line":107,"column":8},"end":{"line":107,"column":28}},"53":{"start":{"line":108,"column":8},"end":{"line":108,"column":25}},"54":{"start":{"line":109,"column":8},"end":{"line":109,"column":15}},"55":{"start":{"line":112,"column":8},"end":{"line":112,"column":79}},"56":{"start":{"line":116,"column":0},"end":{"line":120,"column":1}}},"fnMap":{"0":{"name":"(anonymous_0)","decl":{"start":{"line":5,"column":27},"end":{"line":5,"column":28}},"loc":{"start":{"line":5,"column":53},"end":{"line":43,"column":1}},"line":5},"1":{"name":"(anonymous_1)","decl":{"start":{"line":45,"column":27},"end":{"line":45,"column":28}},"loc":{"start":{"line":45,"column":53},"end":{"line":58,"column":1}},"line":45},"2":{"name":"(anonymous_2)","decl":{"start":{"line":60,"column":24},"end":{"line":60,"column":25}},"loc":{"start":{"line":60,"column":50},"end":{"line":114,"column":1}},"line":60}},"branchMap":{"0":{"loc":{"start":{"line":12,"column":8},"end":{"line":14,"column":9}},"type":"if","locations":[{"start":{"line":12,"column":8},"end":{"line":14,"column":9}},{"start":{},"end":{}}],"line":12},"1":{"loc":{"start":{"line":12,"column":12},"end":{"line":12,"column":103}},"type":"binary-expr","locations":[{"start":{"line":12,"column":12},"end":{"line":12,"column":32}},{"start":{"line":12,"column":36},"end":{"line":12,"column":52}},{"start":{"line":12,"column":56},"end":{"line":12,"column":81}},{"start":{"line":12,"column":85},"end":{"line":12,"column":103}}],"line":12},"2":{"loc":{"start":{"line":16,"column":8},"end":{"line":18,"column":9}},"type":"if","locations":[{"start":{"line":16,"column":8},"end":{"line":18,"column":9}},{"start":{},"end":{}}],"line":16},"3":{"loc":{"start":{"line":20,"column":8},"end":{"line":29,"column":9}},"type":"if","locations":[{"start":{"line":20,"column":8},"end":{"line":29,"column":9}},{"start":{"line":27,"column":13},"end":{"line":29,"column":9}}],"line":20},"4":{"loc":{"start":{"line":21,"column":12},"end":{"line":25,"column":13}},"type":"if","locations":[{"start":{"line":21,"column":12},"end":{"line":25,"column":13}},{"start":{},"end":{}}],"line":21},"5":{"loc":{"start":{"line":68,"column":4},"end":{"line":70,"column":5}},"type":"if","locations":[{"start":{"line":68,"column":4},"end":{"line":70,"column":5}},{"start":{},"end":{}}],"line":68},"6":{"loc":{"start":{"line":71,"column":4},"end":{"line":73,"column":5}},"type":"if","locations":[{"start":{"line":71,"column":4},"end":{"line":73,"column":5}},{"start":{},"end":{}}],"line":71},"7":{"loc":{"start":{"line":74,"column":4},"end":{"line":76,"column":5}},"type":"if","locations":[{"start":{"line":74,"column":4},"end":{"line":76,"column":5}},{"start":{},"end":{}}],"line":74},"8":{"loc":{"start":{"line":78,"column":4},"end":{"line":87,"column":5}},"type":"if","locations":[{"start":{"line":78,"column":4},"end":{"line":87,"column":5}},{"start":{"line":85,"column":8},"end":{"line":87,"column":5}}],"line":78},"9":{"loc":{"start":{"line":79,"column":8},"end":{"line":83,"column":9}},"type":"if","locations":[{"start":{"line":79,"column":8},"end":{"line":83,"column":9}},{"start":{},"end":{}}],"line":79}},"s":{"0":2,"1":2,"2":2,"3":2,"4":4,"5":4,"6":4,"7":4,"8":2,"9":2,"10":0,"11":2,"12":2,"13":0,"14":0,"15":0,"16":0,"17":2,"18":2,"19":0,"20":0,"21":2,"22":2,"23":4,"24":4,"25":4,"26":4,"27":2,"28":2,"29":2,"30":2,"31":2,"32":0,"33":0,"34":0,"35":0,"36":0,"37":0,"38":0,"39":0,"40":0,"41":0,"42":0,"43":0,"44":0,"45":0,"46":0,"47":0,"48":0,"49":0,"50":0,"51":0,"52":0,"53":0,"54":0,"55":0,"56":2},"f":{"0":4,"1":4,"2":0},"b":{"0":[2,2],"1":[4,2,2,2],"2":[0,2],"3":[2,0],"4":[0,2],"5":[0,0],"6":[0,0],"7":[0,0],"8":[0,0],"9":[0,0]},"inputSourceMap":null,"_coverageSchema":"1a1c01bbd47fc00a2c39e90264f33305004495a9","hash":"7ac6df968b6a258bf305831b2bbc1c734d95126c"}
,"C:\\Users\\clari\\Documents\\Safira\\SafiraServerSide\\src\\model\\cardQuery.js": {"path":"C:\\Users\\clari\\Documents\\Safira\\SafiraServerSide\\src\\model\\cardQuery.js","statementMap":{"0":{"start":{"line":1,"column":17},"end":{"line":1,"column":42}},"1":{"start":{"line":3,"column":27},"end":{"line":24,"column":1}},"2":{"start":{"line":8,"column":4},"end":{"line":23,"column":10}},"3":{"start":{"line":9,"column":8},"end":{"line":9,"column":98}},"4":{"start":{"line":10,"column":9},"end":{"line":21,"column":14}},"5":{"start":{"line":17,"column":12},"end":{"line":19,"column":13}},"6":{"start":{"line":18,"column":16},"end":{"line":18,"column":29}},"7":{"start":{"line":20,"column":12},"end":{"line":20,"column":24}},"8":{"start":{"line":26,"column":27},"end":{"line":40,"column":1}},"9":{"start":{"line":27,"column":4},"end":{"line":27,"column":101}},"10":{"start":{"line":28,"column":4},"end":{"line":39,"column":5}},"11":{"start":{"line":35,"column":12},"end":{"line":37,"column":13}},"12":{"start":{"line":36,"column":16},"end":{"line":36,"column":26}},"13":{"start":{"line":42,"column":21},"end":{"line":80,"column":1}},"14":{"start":{"line":43,"column":4},"end":{"line":43,"column":60}},"15":{"start":{"line":45,"column":4},"end":{"line":51,"column":5}},"16":{"start":{"line":46,"column":8},"end":{"line":46,"column":26}},"17":{"start":{"line":49,"column":8},"end":{"line":49,"column":59}},"18":{"start":{"line":50,"column":8},"end":{"line":50,"column":26}},"19":{"start":{"line":53,"column":4},"end":{"line":59,"column":5}},"20":{"start":{"line":54,"column":8},"end":{"line":54,"column":26}},"21":{"start":{"line":57,"column":8},"end":{"line":57,"column":50}},"22":{"start":{"line":58,"column":8},"end":{"line":58,"column":26}},"23":{"start":{"line":61,"column":4},"end":{"line":79,"column":10}},"24":{"start":{"line":62,"column":8},"end":{"line":62,"column":26}},"25":{"start":{"line":64,"column":9},"end":{"line":77,"column":14}},"26":{"start":{"line":65,"column":12},"end":{"line":67,"column":13}},"27":{"start":{"line":66,"column":16},"end":{"line":66,"column":29}},"28":{"start":{"line":69,"column":12},"end":{"line":75,"column":13}},"29":{"start":{"line":70,"column":16},"end":{"line":70,"column":33}},"30":{"start":{"line":73,"column":16},"end":{"line":73,"column":55}},"31":{"start":{"line":74,"column":16},"end":{"line":74,"column":48}},"32":{"start":{"line":76,"column":12},"end":{"line":76,"column":27}},"33":{"start":{"line":83,"column":23},"end":{"line":98,"column":1}},"34":{"start":{"line":84,"column":4},"end":{"line":84,"column":131}},"35":{"start":{"line":86,"column":4},"end":{"line":97,"column":10}},"36":{"start":{"line":87,"column":8},"end":{"line":87,"column":26}},"37":{"start":{"line":89,"column":9},"end":{"line":95,"column":14}},"38":{"start":{"line":90,"column":12},"end":{"line":92,"column":13}},"39":{"start":{"line":91,"column":16},"end":{"line":91,"column":29}},"40":{"start":{"line":93,"column":9},"end":{"line":93,"column":34}},"41":{"start":{"line":94,"column":12},"end":{"line":94,"column":35}},"42":{"start":{"line":101,"column":0},"end":{"line":106,"column":2}}},"fnMap":{"0":{"name":"(anonymous_0)","decl":{"start":{"line":3,"column":27},"end":{"line":3,"column":28}},"loc":{"start":{"line":6,"column":5},"end":{"line":24,"column":1}},"line":6},"1":{"name":"(anonymous_1)","decl":{"start":{"line":8,"column":23},"end":{"line":8,"column":24}},"loc":{"start":{"line":8,"column":49},"end":{"line":23,"column":9}},"line":8},"2":{"name":"(anonymous_2)","decl":{"start":{"line":16,"column":5},"end":{"line":16,"column":6}},"loc":{"start":{"line":16,"column":22},"end":{"line":21,"column":13}},"line":16},"3":{"name":"(anonymous_3)","decl":{"start":{"line":26,"column":27},"end":{"line":26,"column":28}},"loc":{"start":{"line":26,"column":57},"end":{"line":40,"column":1}},"line":26},"4":{"name":"(anonymous_4)","decl":{"start":{"line":34,"column":8},"end":{"line":34,"column":9}},"loc":{"start":{"line":34,"column":25},"end":{"line":38,"column":9}},"line":34},"5":{"name":"(anonymous_5)","decl":{"start":{"line":42,"column":21},"end":{"line":42,"column":22}},"loc":{"start":{"line":42,"column":60},"end":{"line":80,"column":1}},"line":42},"6":{"name":"(anonymous_6)","decl":{"start":{"line":61,"column":23},"end":{"line":61,"column":24}},"loc":{"start":{"line":61,"column":49},"end":{"line":79,"column":9}},"line":61},"7":{"name":"(anonymous_7)","decl":{"start":{"line":64,"column":27},"end":{"line":64,"column":28}},"loc":{"start":{"line":64,"column":44},"end":{"line":77,"column":13}},"line":64},"8":{"name":"(anonymous_8)","decl":{"start":{"line":83,"column":23},"end":{"line":83,"column":24}},"loc":{"start":{"line":83,"column":68},"end":{"line":98,"column":1}},"line":83},"9":{"name":"(anonymous_9)","decl":{"start":{"line":86,"column":23},"end":{"line":86,"column":24}},"loc":{"start":{"line":86,"column":49},"end":{"line":97,"column":9}},"line":86},"10":{"name":"(anonymous_10)","decl":{"start":{"line":89,"column":27},"end":{"line":89,"column":28}},"loc":{"start":{"line":89,"column":44},"end":{"line":95,"column":13}},"line":89}},"branchMap":{"0":{"loc":{"start":{"line":17,"column":12},"end":{"line":19,"column":13}},"type":"if","locations":[{"start":{"line":17,"column":12},"end":{"line":19,"column":13}},{"start":{},"end":{}}],"line":17},"1":{"loc":{"start":{"line":35,"column":12},"end":{"line":37,"column":13}},"type":"if","locations":[{"start":{"line":35,"column":12},"end":{"line":37,"column":13}},{"start":{},"end":{}}],"line":35},"2":{"loc":{"start":{"line":45,"column":4},"end":{"line":51,"column":5}},"type":"if","locations":[{"start":{"line":45,"column":4},"end":{"line":51,"column":5}},{"start":{"line":48,"column":8},"end":{"line":51,"column":5}}],"line":45},"3":{"loc":{"start":{"line":53,"column":4},"end":{"line":59,"column":5}},"type":"if","locations":[{"start":{"line":53,"column":4},"end":{"line":59,"column":5}},{"start":{"line":56,"column":8},"end":{"line":59,"column":5}}],"line":53},"4":{"loc":{"start":{"line":65,"column":12},"end":{"line":67,"column":13}},"type":"if","locations":[{"start":{"line":65,"column":12},"end":{"line":67,"column":13}},{"start":{},"end":{}}],"line":65},"5":{"loc":{"start":{"line":69,"column":12},"end":{"line":75,"column":13}},"type":"if","locations":[{"start":{"line":69,"column":12},"end":{"line":75,"column":13}},{"start":{"line":72,"column":16},"end":{"line":75,"column":13}}],"line":69},"6":{"loc":{"start":{"line":69,"column":15},"end":{"line":69,"column":64}},"type":"binary-expr","locations":[{"start":{"line":69,"column":15},"end":{"line":69,"column":49}},{"start":{"line":69,"column":53},"end":{"line":69,"column":64}}],"line":69},"7":{"loc":{"start":{"line":90,"column":12},"end":{"line":92,"column":13}},"type":"if","locations":[{"start":{"line":90,"column":12},"end":{"line":92,"column":13}},{"start":{},"end":{}}],"line":90}},"s":{"0":2,"1":2,"2":2,"3":2,"4":2,"5":2,"6":0,"7":2,"8":2,"9":2,"10":2,"11":2,"12":0,"13":2,"14":0,"15":0,"16":0,"17":0,"18":0,"19":0,"20":0,"21":0,"22":0,"23":0,"24":0,"25":0,"26":0,"27":0,"28":0,"29":0,"30":0,"31":0,"32":0,"33":2,"34":2,"35":2,"36":2,"37":2,"38":2,"39":0,"40":2,"41":2,"42":2},"f":{"0":2,"1":2,"2":2,"3":2,"4":2,"5":0,"6":0,"7":0,"8":2,"9":2,"10":2},"b":{"0":[0,2],"1":[0,2],"2":[0,0],"3":[0,0],"4":[0,0],"5":[0,0],"6":[0,0],"7":[0,2]},"inputSourceMap":null,"_coverageSchema":"1a1c01bbd47fc00a2c39e90264f33305004495a9","hash":"b46842013a3b87a513ef97d28c4c898269783055"}
,"C:\\Users\\clari\\Documents\\Safira\\SafiraServerSide\\src\\model\\categoriasQuery.js": {"path":"C:\\Users\\clari\\Documents\\Safira\\SafiraServerSide\\src\\model\\categoriasQuery.js","statementMap":{"0":{"start":{"line":1,"column":17},"end":{"line":1,"column":42}},"1":{"start":{"line":3,"column":37},"end":{"line":17,"column":1}},"2":{"start":{"line":4,"column":4},"end":{"line":16,"column":5}},"3":{"start":{"line":12,"column":12},"end":{"line":14,"column":13}},"4":{"start":{"line":13,"column":16},"end":{"line":13,"column":26}},"5":{"start":{"line":19,"column":37},"end":{"line":32,"column":1}},"6":{"start":{"line":20,"column":4},"end":{"line":31,"column":5}},"7":{"start":{"line":27,"column":12},"end":{"line":29,"column":13}},"8":{"start":{"line":28,"column":16},"end":{"line":28,"column":26}},"9":{"start":{"line":34,"column":36},"end":{"line":54,"column":1}},"10":{"start":{"line":35,"column":2},"end":{"line":53,"column":5}},"11":{"start":{"line":36,"column":2},"end":{"line":52,"column":3}},"12":{"start":{"line":43,"column":10},"end":{"line":49,"column":11}},"13":{"start":{"line":44,"column":14},"end":{"line":44,"column":24}},"14":{"start":{"line":47,"column":29},"end":{"line":47,"column":68}},"15":{"start":{"line":48,"column":12},"end":{"line":48,"column":32}},"16":{"start":{"line":57,"column":26},"end":{"line":72,"column":1}},"17":{"start":{"line":59,"column":4},"end":{"line":71,"column":4}},"18":{"start":{"line":62,"column":6},"end":{"line":68,"column":5}},"19":{"start":{"line":63,"column":8},"end":{"line":63,"column":18}},"20":{"start":{"line":66,"column":6},"end":{"line":66,"column":59}},"21":{"start":{"line":67,"column":6},"end":{"line":67,"column":24}},"22":{"start":{"line":74,"column":32},"end":{"line":114,"column":1}},"23":{"start":{"line":75,"column":2},"end":{"line":113,"column":5}},"24":{"start":{"line":76,"column":7},"end":{"line":76,"column":40}},"25":{"start":{"line":77,"column":7},"end":{"line":77,"column":22}},"26":{"start":{"line":79,"column":7},"end":{"line":112,"column":13}},"27":{"start":{"line":80,"column":10},"end":{"line":110,"column":11}},"28":{"start":{"line":81,"column":14},"end":{"line":81,"column":27}},"29":{"start":{"line":85,"column":12},"end":{"line":89,"column":13}},"30":{"start":{"line":86,"column":14},"end":{"line":86,"column":58}},"31":{"start":{"line":87,"column":14},"end":{"line":87,"column":53}},"32":{"start":{"line":88,"column":14},"end":{"line":88,"column":20}},"33":{"start":{"line":91,"column":12},"end":{"line":94,"column":13}},"34":{"start":{"line":91,"column":24},"end":{"line":91,"column":25}},"35":{"start":{"line":92,"column":14},"end":{"line":92,"column":29}},"36":{"start":{"line":93,"column":14},"end":{"line":93,"column":60}},"37":{"start":{"line":96,"column":12},"end":{"line":96,"column":36}},"38":{"start":{"line":98,"column":12},"end":{"line":109,"column":14}},"39":{"start":{"line":101,"column":16},"end":{"line":107,"column":15}},"40":{"start":{"line":102,"column":18},"end":{"line":102,"column":28}},"41":{"start":{"line":105,"column":16},"end":{"line":105,"column":69}},"42":{"start":{"line":106,"column":16},"end":{"line":106,"column":36}},"43":{"start":{"line":117,"column":26},"end":{"line":148,"column":1}},"44":{"start":{"line":118,"column":2},"end":{"line":147,"column":5}},"45":{"start":{"line":119,"column":7},"end":{"line":119,"column":40}},"46":{"start":{"line":120,"column":7},"end":{"line":120,"column":22}},"47":{"start":{"line":122,"column":7},"end":{"line":146,"column":13}},"48":{"start":{"line":123,"column":10},"end":{"line":144,"column":11}},"49":{"start":{"line":124,"column":14},"end":{"line":124,"column":27}},"50":{"start":{"line":128,"column":12},"end":{"line":132,"column":13}},"51":{"start":{"line":129,"column":14},"end":{"line":129,"column":58}},"52":{"start":{"line":130,"column":14},"end":{"line":130,"column":53}},"53":{"start":{"line":131,"column":14},"end":{"line":131,"column":20}},"54":{"start":{"line":134,"column":12},"end":{"line":137,"column":13}},"55":{"start":{"line":134,"column":24},"end":{"line":134,"column":25}},"56":{"start":{"line":135,"column":14},"end":{"line":135,"column":29}},"57":{"start":{"line":136,"column":14},"end":{"line":136,"column":60}},"58":{"start":{"line":139,"column":12},"end":{"line":139,"column":36}},"59":{"start":{"line":141,"column":12},"end":{"line":141,"column":65}},"60":{"start":{"line":142,"column":12},"end":{"line":142,"column":32}},"61":{"start":{"line":151,"column":0},"end":{"line":158,"column":2}}},"fnMap":{"0":{"name":"(anonymous_0)","decl":{"start":{"line":3,"column":37},"end":{"line":3,"column":38}},"loc":{"start":{"line":3,"column":62},"end":{"line":17,"column":1}},"line":3},"1":{"name":"(anonymous_1)","decl":{"start":{"line":11,"column":8},"end":{"line":11,"column":9}},"loc":{"start":{"line":11,"column":25},"end":{"line":15,"column":9}},"line":11},"2":{"name":"(anonymous_2)","decl":{"start":{"line":19,"column":37},"end":{"line":19,"column":38}},"loc":{"start":{"line":19,"column":51},"end":{"line":32,"column":1}},"line":19},"3":{"name":"(anonymous_3)","decl":{"start":{"line":26,"column":8},"end":{"line":26,"column":9}},"loc":{"start":{"line":26,"column":25},"end":{"line":30,"column":9}},"line":26},"4":{"name":"(anonymous_4)","decl":{"start":{"line":34,"column":36},"end":{"line":34,"column":37}},"loc":{"start":{"line":34,"column":55},"end":{"line":54,"column":1}},"line":34},"5":{"name":"(anonymous_5)","decl":{"start":{"line":35,"column":21},"end":{"line":35,"column":22}},"loc":{"start":{"line":35,"column":47},"end":{"line":53,"column":3}},"line":35},"6":{"name":"(anonymous_6)","decl":{"start":{"line":42,"column":6},"end":{"line":42,"column":7}},"loc":{"start":{"line":42,"column":23},"end":{"line":50,"column":7}},"line":42},"7":{"name":"(anonymous_7)","decl":{"start":{"line":57,"column":26},"end":{"line":57,"column":27}},"loc":{"start":{"line":57,"column":38},"end":{"line":72,"column":1}},"line":57},"8":{"name":"(anonymous_8)","decl":{"start":{"line":61,"column":4},"end":{"line":61,"column":5}},"loc":{"start":{"line":61,"column":21},"end":{"line":70,"column":5}},"line":61},"9":{"name":"(anonymous_9)","decl":{"start":{"line":74,"column":32},"end":{"line":74,"column":33}},"loc":{"start":{"line":74,"column":49},"end":{"line":114,"column":1}},"line":74},"10":{"name":"(anonymous_10)","decl":{"start":{"line":75,"column":21},"end":{"line":75,"column":22}},"loc":{"start":{"line":75,"column":47},"end":{"line":113,"column":3}},"line":75},"11":{"name":"(anonymous_11)","decl":{"start":{"line":79,"column":25},"end":{"line":79,"column":26}},"loc":{"start":{"line":79,"column":42},"end":{"line":112,"column":11}},"line":79},"12":{"name":"(anonymous_12)","decl":{"start":{"line":100,"column":14},"end":{"line":100,"column":15}},"loc":{"start":{"line":100,"column":31},"end":{"line":109,"column":13}},"line":100},"13":{"name":"(anonymous_13)","decl":{"start":{"line":117,"column":26},"end":{"line":117,"column":27}},"loc":{"start":{"line":117,"column":43},"end":{"line":148,"column":1}},"line":117},"14":{"name":"(anonymous_14)","decl":{"start":{"line":118,"column":21},"end":{"line":118,"column":22}},"loc":{"start":{"line":118,"column":47},"end":{"line":147,"column":3}},"line":118},"15":{"name":"(anonymous_15)","decl":{"start":{"line":122,"column":25},"end":{"line":122,"column":26}},"loc":{"start":{"line":122,"column":42},"end":{"line":146,"column":11}},"line":122}},"branchMap":{"0":{"loc":{"start":{"line":12,"column":12},"end":{"line":14,"column":13}},"type":"if","locations":[{"start":{"line":12,"column":12},"end":{"line":14,"column":13}},{"start":{},"end":{}}],"line":12},"1":{"loc":{"start":{"line":27,"column":12},"end":{"line":29,"column":13}},"type":"if","locations":[{"start":{"line":27,"column":12},"end":{"line":29,"column":13}},{"start":{},"end":{}}],"line":27},"2":{"loc":{"start":{"line":43,"column":10},"end":{"line":49,"column":11}},"type":"if","locations":[{"start":{"line":43,"column":10},"end":{"line":49,"column":11}},{"start":{"line":46,"column":15},"end":{"line":49,"column":11}}],"line":43},"3":{"loc":{"start":{"line":62,"column":6},"end":{"line":68,"column":5}},"type":"if","locations":[{"start":{"line":62,"column":6},"end":{"line":68,"column":5}},{"start":{"line":65,"column":11},"end":{"line":68,"column":5}}],"line":62},"4":{"loc":{"start":{"line":80,"column":10},"end":{"line":110,"column":11}},"type":"if","locations":[{"start":{"line":80,"column":10},"end":{"line":110,"column":11}},{"start":{"line":83,"column":14},"end":{"line":110,"column":11}}],"line":80},"5":{"loc":{"start":{"line":85,"column":12},"end":{"line":89,"column":13}},"type":"if","locations":[{"start":{"line":85,"column":12},"end":{"line":89,"column":13}},{"start":{},"end":{}}],"line":85},"6":{"loc":{"start":{"line":101,"column":16},"end":{"line":107,"column":15}},"type":"if","locations":[{"start":{"line":101,"column":16},"end":{"line":107,"column":15}},{"start":{"line":104,"column":21},"end":{"line":107,"column":15}}],"line":101},"7":{"loc":{"start":{"line":123,"column":10},"end":{"line":144,"column":11}},"type":"if","locations":[{"start":{"line":123,"column":10},"end":{"line":144,"column":11}},{"start":{"line":126,"column":14},"end":{"line":144,"column":11}}],"line":123},"8":{"loc":{"start":{"line":128,"column":12},"end":{"line":132,"column":13}},"type":"if","locations":[{"start":{"line":128,"column":12},"end":{"line":132,"column":13}},{"start":{},"end":{}}],"line":128}},"s":{"0":2,"1":2,"2":2,"3":0,"4":0,"5":2,"6":0,"7":0,"8":0,"9":2,"10":0,"11":0,"12":0,"13":0,"14":0,"15":0,"16":2,"17":0,"18":0,"19":0,"20":0,"21":0,"22":2,"23":0,"24":0,"25":0,"26":0,"27":0,"28":0,"29":0,"30":0,"31":0,"32":0,"33":0,"34":0,"35":0,"36":0,"37":0,"38":0,"39":0,"40":0,"41":0,"42":0,"43":2,"44":0,"45":0,"46":0,"47":0,"48":0,"49":0,"50":0,"51":0,"52":0,"53":0,"54":0,"55":0,"56":0,"57":0,"58":0,"59":0,"60":0,"61":2},"f":{"0":2,"1":0,"2":0,"3":0,"4":0,"5":0,"6":0,"7":0,"8":0,"9":0,"10":0,"11":0,"12":0,"13":0,"14":0,"15":0},"b":{"0":[0,0],"1":[0,0],"2":[0,0],"3":[0,0],"4":[0,0],"5":[0,0],"6":[0,0],"7":[0,0],"8":[0,0]},"inputSourceMap":null,"_coverageSchema":"1a1c01bbd47fc00a2c39e90264f33305004495a9","hash":"c3d9655e6ca8450c01162c1144b30a90a29ba1d3"}
,"C:\\Users\\clari\\Documents\\Safira\\SafiraServerSide\\src\\model\\lancamentoUserQuery.js": {"path":"C:\\Users\\clari\\Documents\\Safira\\SafiraServerSide\\src\\model\\lancamentoUserQuery.js","statementMap":{"0":{"start":{"line":1,"column":17},"end":{"line":1,"column":42}},"1":{"start":{"line":3,"column":33},"end":{"line":43,"column":1}},"2":{"start":{"line":17,"column":2},"end":{"line":42,"column":6}},"3":{"start":{"line":18,"column":4},"end":{"line":18,"column":397}},"4":{"start":{"line":20,"column":4},"end":{"line":41,"column":10}},"5":{"start":{"line":37,"column":8},"end":{"line":39,"column":9}},"6":{"start":{"line":38,"column":12},"end":{"line":38,"column":25}},"7":{"start":{"line":40,"column":8},"end":{"line":40,"column":20}},"8":{"start":{"line":45,"column":33},"end":{"line":58,"column":1}},"9":{"start":{"line":46,"column":4},"end":{"line":57,"column":5}},"10":{"start":{"line":53,"column":12},"end":{"line":55,"column":13}},"11":{"start":{"line":54,"column":16},"end":{"line":54,"column":26}},"12":{"start":{"line":60,"column":27},"end":{"line":77,"column":1}},"13":{"start":{"line":61,"column":4},"end":{"line":76,"column":6}},"14":{"start":{"line":62,"column":6},"end":{"line":75,"column":10}},"15":{"start":{"line":63,"column":8},"end":{"line":65,"column":9}},"16":{"start":{"line":64,"column":10},"end":{"line":64,"column":24}},"17":{"start":{"line":66,"column":8},"end":{"line":66,"column":27}},"18":{"start":{"line":67,"column":8},"end":{"line":73,"column":9}},"19":{"start":{"line":68,"column":10},"end":{"line":68,"column":27}},"20":{"start":{"line":71,"column":10},"end":{"line":71,"column":26}},"21":{"start":{"line":72,"column":10},"end":{"line":72,"column":19}},"22":{"start":{"line":74,"column":8},"end":{"line":74,"column":23}},"23":{"start":{"line":79,"column":0},"end":{"line":83,"column":2}}},"fnMap":{"0":{"name":"(anonymous_0)","decl":{"start":{"line":3,"column":33},"end":{"line":3,"column":34}},"loc":{"start":{"line":15,"column":5},"end":{"line":43,"column":1}},"line":15},"1":{"name":"(anonymous_1)","decl":{"start":{"line":17,"column":21},"end":{"line":17,"column":22}},"loc":{"start":{"line":17,"column":47},"end":{"line":42,"column":5}},"line":17},"2":{"name":"(anonymous_2)","decl":{"start":{"line":36,"column":1},"end":{"line":36,"column":2}},"loc":{"start":{"line":36,"column":18},"end":{"line":41,"column":9}},"line":36},"3":{"name":"(anonymous_3)","decl":{"start":{"line":45,"column":33},"end":{"line":45,"column":34}},"loc":{"start":{"line":45,"column":47},"end":{"line":58,"column":1}},"line":45},"4":{"name":"(anonymous_4)","decl":{"start":{"line":52,"column":8},"end":{"line":52,"column":9}},"loc":{"start":{"line":52,"column":25},"end":{"line":56,"column":9}},"line":52},"5":{"name":"(anonymous_5)","decl":{"start":{"line":60,"column":27},"end":{"line":60,"column":28}},"loc":{"start":{"line":60,"column":44},"end":{"line":77,"column":1}},"line":60},"6":{"name":"(anonymous_6)","decl":{"start":{"line":61,"column":23},"end":{"line":61,"column":24}},"loc":{"start":{"line":61,"column":49},"end":{"line":76,"column":5}},"line":61},"7":{"name":"(anonymous_7)","decl":{"start":{"line":62,"column":24},"end":{"line":62,"column":25}},"loc":{"start":{"line":62,"column":41},"end":{"line":75,"column":9}},"line":62}},"branchMap":{"0":{"loc":{"start":{"line":37,"column":8},"end":{"line":39,"column":9}},"type":"if","locations":[{"start":{"line":37,"column":8},"end":{"line":39,"column":9}},{"start":{},"end":{}}],"line":37},"1":{"loc":{"start":{"line":53,"column":12},"end":{"line":55,"column":13}},"type":"if","locations":[{"start":{"line":53,"column":12},"end":{"line":55,"column":13}},{"start":{},"end":{}}],"line":53},"2":{"loc":{"start":{"line":63,"column":8},"end":{"line":65,"column":9}},"type":"if","locations":[{"start":{"line":63,"column":8},"end":{"line":65,"column":9}},{"start":{},"end":{}}],"line":63},"3":{"loc":{"start":{"line":67,"column":8},"end":{"line":73,"column":9}},"type":"if","locations":[{"start":{"line":67,"column":8},"end":{"line":73,"column":9}},{"start":{"line":70,"column":12},"end":{"line":73,"column":9}}],"line":67},"4":{"loc":{"start":{"line":67,"column":11},"end":{"line":67,"column":50}},"type":"binary-expr","locations":[{"start":{"line":67,"column":11},"end":{"line":67,"column":40}},{"start":{"line":67,"column":44},"end":{"line":67,"column":50}}],"line":67}},"s":{"0":2,"1":2,"2":2,"3":2,"4":2,"5":2,"6":0,"7":2,"8":2,"9":2,"10":0,"11":0,"12":2,"13":0,"14":0,"15":0,"16":0,"17":0,"18":0,"19":0,"20":0,"21":0,"22":0,"23":2},"f":{"0":2,"1":2,"2":2,"3":2,"4":0,"5":0,"6":0,"7":0},"b":{"0":[0,2],"1":[0,0],"2":[0,0],"3":[0,0],"4":[0,0]},"inputSourceMap":null,"_coverageSchema":"1a1c01bbd47fc00a2c39e90264f33305004495a9","hash":"4770e1e4e2c7d7bb272e0c7c630fd0d76937ef9d"}
,"C:\\Users\\clari\\Documents\\Safira\\SafiraServerSide\\src\\model\\planejamentoQuery.js": {"path":"C:\\Users\\clari\\Documents\\Safira\\SafiraServerSide\\src\\model\\planejamentoQuery.js","statementMap":{"0":{"start":{"line":1,"column":17},"end":{"line":1,"column":42}},"1":{"start":{"line":3,"column":35},"end":{"line":26,"column":1}},"2":{"start":{"line":5,"column":4},"end":{"line":25,"column":5}},"3":{"start":{"line":6,"column":8},"end":{"line":23,"column":9}},"4":{"start":{"line":17,"column":11},"end":{"line":20,"column":13}},"5":{"start":{"line":18,"column":15},"end":{"line":18,"column":48}},"6":{"start":{"line":19,"column":15},"end":{"line":19,"column":34}},"7":{"start":{"line":21,"column":12},"end":{"line":21,"column":22}},"8":{"start":{"line":29,"column":35},"end":{"line":44,"column":1}},"9":{"start":{"line":30,"column":4},"end":{"line":43,"column":5}},"10":{"start":{"line":39,"column":12},"end":{"line":41,"column":13}},"11":{"start":{"line":40,"column":16},"end":{"line":40,"column":26}},"12":{"start":{"line":46,"column":29},"end":{"line":59,"column":1}},"13":{"start":{"line":47,"column":4},"end":{"line":58,"column":10}},"14":{"start":{"line":48,"column":8},"end":{"line":48,"column":41}},"15":{"start":{"line":50,"column":9},"end":{"line":56,"column":14}},"16":{"start":{"line":51,"column":12},"end":{"line":53,"column":13}},"17":{"start":{"line":52,"column":16},"end":{"line":52,"column":29}},"18":{"start":{"line":54,"column":9},"end":{"line":54,"column":34}},"19":{"start":{"line":55,"column":12},"end":{"line":55,"column":35}},"20":{"start":{"line":62,"column":0},"end":{"line":66,"column":2}}},"fnMap":{"0":{"name":"(anonymous_0)","decl":{"start":{"line":3,"column":35},"end":{"line":3,"column":36}},"loc":{"start":{"line":3,"column":80},"end":{"line":26,"column":1}},"line":3},"1":{"name":"(anonymous_1)","decl":{"start":{"line":5,"column":23},"end":{"line":5,"column":24}},"loc":{"start":{"line":5,"column":49},"end":{"line":24,"column":9}},"line":5},"2":{"name":"(anonymous_2)","decl":{"start":{"line":16,"column":7},"end":{"line":16,"column":8}},"loc":{"start":{"line":16,"column":24},"end":{"line":22,"column":13}},"line":16},"3":{"name":"(anonymous_3)","decl":{"start":{"line":29,"column":35},"end":{"line":29,"column":36}},"loc":{"start":{"line":29,"column":73},"end":{"line":44,"column":1}},"line":29},"4":{"name":"(anonymous_4)","decl":{"start":{"line":38,"column":8},"end":{"line":38,"column":9}},"loc":{"start":{"line":38,"column":25},"end":{"line":42,"column":9}},"line":38},"5":{"name":"(anonymous_5)","decl":{"start":{"line":46,"column":29},"end":{"line":46,"column":30}},"loc":{"start":{"line":46,"column":46},"end":{"line":59,"column":1}},"line":46},"6":{"name":"(anonymous_6)","decl":{"start":{"line":47,"column":23},"end":{"line":47,"column":24}},"loc":{"start":{"line":47,"column":49},"end":{"line":58,"column":9}},"line":47},"7":{"name":"(anonymous_7)","decl":{"start":{"line":50,"column":27},"end":{"line":50,"column":28}},"loc":{"start":{"line":50,"column":44},"end":{"line":56,"column":13}},"line":50}},"branchMap":{"0":{"loc":{"start":{"line":17,"column":11},"end":{"line":20,"column":13}},"type":"if","locations":[{"start":{"line":17,"column":11},"end":{"line":20,"column":13}},{"start":{},"end":{}}],"line":17},"1":{"loc":{"start":{"line":39,"column":12},"end":{"line":41,"column":13}},"type":"if","locations":[{"start":{"line":39,"column":12},"end":{"line":41,"column":13}},{"start":{},"end":{}}],"line":39},"2":{"loc":{"start":{"line":51,"column":12},"end":{"line":53,"column":13}},"type":"if","locations":[{"start":{"line":51,"column":12},"end":{"line":53,"column":13}},{"start":{},"end":{}}],"line":51}},"s":{"0":2,"1":2,"2":2,"3":2,"4":2,"5":0,"6":0,"7":2,"8":2,"9":2,"10":0,"11":0,"12":2,"13":0,"14":0,"15":0,"16":0,"17":0,"18":0,"19":0,"20":2},"f":{"0":2,"1":2,"2":2,"3":2,"4":0,"5":0,"6":0,"7":0},"b":{"0":[0,2],"1":[0,0],"2":[0,0]},"inputSourceMap":null,"_coverageSchema":"1a1c01bbd47fc00a2c39e90264f33305004495a9","hash":"cb4d0038295bf4ebc6ea1ff76ce905ec8cd86bf2"}
,"C:\\Users\\clari\\Documents\\Safira\\SafiraServerSide\\src\\services\\cardService.js": {"path":"C:\\Users\\clari\\Documents\\Safira\\SafiraServerSide\\src\\services\\cardService.js","statementMap":{"0":{"start":{"line":1,"column":31},"end":{"line":1,"column":60}},"1":{"start":{"line":2,"column":31},"end":{"line":2,"column":60}},"2":{"start":{"line":3,"column":25},"end":{"line":3,"column":54}},"3":{"start":{"line":4,"column":27},"end":{"line":4,"column":56}},"4":{"start":{"line":7,"column":22},"end":{"line":32,"column":1}},"5":{"start":{"line":11,"column":15},"end":{"line":11,"column":17}},"6":{"start":{"line":13,"column":2},"end":{"line":15,"column":3}},"7":{"start":{"line":14,"column":4},"end":{"line":14,"column":50}},"8":{"start":{"line":16,"column":2},"end":{"line":18,"column":3}},"9":{"start":{"line":17,"column":4},"end":{"line":17,"column":51}},"10":{"start":{"line":20,"column":2},"end":{"line":31,"column":3}},"11":{"start":{"line":21,"column":4},"end":{"line":21,"column":23}},"12":{"start":{"line":22,"column":4},"end":{"line":22,"column":17}},"13":{"start":{"line":25,"column":4},"end":{"line":28,"column":8}},"14":{"start":{"line":34,"column":22},"end":{"line":59,"column":1}},"15":{"start":{"line":35,"column":17},"end":{"line":35,"column":19}},"16":{"start":{"line":37,"column":4},"end":{"line":40,"column":7}},"17":{"start":{"line":39,"column":8},"end":{"line":39,"column":54}},"18":{"start":{"line":41,"column":6},"end":{"line":41,"column":23}},"19":{"start":{"line":42,"column":6},"end":{"line":45,"column":7}},"20":{"start":{"line":44,"column":8},"end":{"line":44,"column":55}},"21":{"start":{"line":47,"column":6},"end":{"line":57,"column":5}},"22":{"start":{"line":48,"column":8},"end":{"line":48,"column":27}},"23":{"start":{"line":49,"column":8},"end":{"line":49,"column":21}},"24":{"start":{"line":53,"column":8},"end":{"line":56,"column":12}},"25":{"start":{"line":61,"column":19},"end":{"line":77,"column":1}},"26":{"start":{"line":62,"column":17},"end":{"line":62,"column":19}},"27":{"start":{"line":64,"column":4},"end":{"line":66,"column":5}},"28":{"start":{"line":65,"column":8},"end":{"line":65,"column":54}},"29":{"start":{"line":68,"column":4},"end":{"line":71,"column":5}},"30":{"start":{"line":69,"column":8},"end":{"line":69,"column":27}},"31":{"start":{"line":70,"column":8},"end":{"line":70,"column":21}},"32":{"start":{"line":73,"column":6},"end":{"line":73,"column":62}},"33":{"start":{"line":75,"column":6},"end":{"line":75,"column":18}},"34":{"start":{"line":79,"column":22},"end":{"line":101,"column":1}},"35":{"start":{"line":80,"column":15},"end":{"line":80,"column":17}},"36":{"start":{"line":82,"column":2},"end":{"line":84,"column":3}},"37":{"start":{"line":83,"column":6},"end":{"line":83,"column":51}},"38":{"start":{"line":85,"column":2},"end":{"line":87,"column":3}},"39":{"start":{"line":86,"column":4},"end":{"line":86,"column":50}},"40":{"start":{"line":88,"column":2},"end":{"line":90,"column":3}},"41":{"start":{"line":89,"column":4},"end":{"line":89,"column":55}},"42":{"start":{"line":92,"column":2},"end":{"line":95,"column":3}},"43":{"start":{"line":93,"column":6},"end":{"line":93,"column":25}},"44":{"start":{"line":94,"column":6},"end":{"line":94,"column":19}},"45":{"start":{"line":97,"column":4},"end":{"line":97,"column":69}},"46":{"start":{"line":99,"column":4},"end":{"line":99,"column":16}},"47":{"start":{"line":103,"column":0},"end":{"line":108,"column":2}}},"fnMap":{"0":{"name":"(anonymous_0)","decl":{"start":{"line":7,"column":22},"end":{"line":7,"column":23}},"loc":{"start":{"line":10,"column":5},"end":{"line":32,"column":1}},"line":10},"1":{"name":"(anonymous_1)","decl":{"start":{"line":34,"column":22},"end":{"line":34,"column":23}},"loc":{"start":{"line":34,"column":52},"end":{"line":59,"column":1}},"line":34},"2":{"name":"(anonymous_2)","decl":{"start":{"line":61,"column":19},"end":{"line":61,"column":20}},"loc":{"start":{"line":61,"column":58},"end":{"line":77,"column":1}},"line":61},"3":{"name":"(anonymous_3)","decl":{"start":{"line":79,"column":22},"end":{"line":79,"column":23}},"loc":{"start":{"line":79,"column":67},"end":{"line":101,"column":1}},"line":79}},"branchMap":{"0":{"loc":{"start":{"line":13,"column":2},"end":{"line":15,"column":3}},"type":"if","locations":[{"start":{"line":13,"column":2},"end":{"line":15,"column":3}},{"start":{},"end":{}}],"line":13},"1":{"loc":{"start":{"line":16,"column":2},"end":{"line":18,"column":3}},"type":"if","locations":[{"start":{"line":16,"column":2},"end":{"line":18,"column":3}},{"start":{},"end":{}}],"line":16},"2":{"loc":{"start":{"line":20,"column":2},"end":{"line":31,"column":3}},"type":"if","locations":[{"start":{"line":20,"column":2},"end":{"line":31,"column":3}},{"start":{"line":24,"column":7},"end":{"line":31,"column":3}}],"line":20},"3":{"loc":{"start":{"line":37,"column":4},"end":{"line":40,"column":7}},"type":"if","locations":[{"start":{"line":37,"column":4},"end":{"line":40,"column":7}},{"start":{},"end":{}}],"line":37},"4":{"loc":{"start":{"line":42,"column":6},"end":{"line":45,"column":7}},"type":"if","locations":[{"start":{"line":42,"column":6},"end":{"line":45,"column":7}},{"start":{},"end":{}}],"line":42},"5":{"loc":{"start":{"line":47,"column":6},"end":{"line":57,"column":5}},"type":"if","locations":[{"start":{"line":47,"column":6},"end":{"line":57,"column":5}},{"start":{"line":51,"column":9},"end":{"line":57,"column":5}}],"line":47},"6":{"loc":{"start":{"line":64,"column":4},"end":{"line":66,"column":5}},"type":"if","locations":[{"start":{"line":64,"column":4},"end":{"line":66,"column":5}},{"start":{},"end":{}}],"line":64},"7":{"loc":{"start":{"line":68,"column":4},"end":{"line":71,"column":5}},"type":"if","locations":[{"start":{"line":68,"column":4},"end":{"line":71,"column":5}},{"start":{},"end":{}}],"line":68},"8":{"loc":{"start":{"line":82,"column":2},"end":{"line":84,"column":3}},"type":"if","locations":[{"start":{"line":82,"column":2},"end":{"line":84,"column":3}},{"start":{},"end":{}}],"line":82},"9":{"loc":{"start":{"line":85,"column":2},"end":{"line":87,"column":3}},"type":"if","locations":[{"start":{"line":85,"column":2},"end":{"line":87,"column":3}},{"start":{},"end":{}}],"line":85},"10":{"loc":{"start":{"line":88,"column":2},"end":{"line":90,"column":3}},"type":"if","locations":[{"start":{"line":88,"column":2},"end":{"line":90,"column":3}},{"start":{},"end":{}}],"line":88},"11":{"loc":{"start":{"line":92,"column":2},"end":{"line":95,"column":3}},"type":"if","locations":[{"start":{"line":92,"column":2},"end":{"line":95,"column":3}},{"start":{},"end":{}}],"line":92}},"s":{"0":2,"1":2,"2":2,"3":2,"4":2,"5":4,"6":4,"7":2,"8":4,"9":2,"10":4,"11":2,"12":2,"13":2,"14":2,"15":4,"16":4,"17":2,"18":4,"19":4,"20":2,"21":4,"22":2,"23":2,"24":2,"25":2,"26":0,"27":0,"28":0,"29":0,"30":0,"31":0,"32":0,"33":0,"34":2,"35":4,"36":4,"37":2,"38":4,"39":2,"40":4,"41":2,"42":4,"43":2,"44":2,"45":2,"46":2,"47":2},"f":{"0":4,"1":4,"2":0,"3":4},"b":{"0":[2,2],"1":[2,2],"2":[2,2],"3":[2,2],"4":[2,2],"5":[2,2],"6":[0,0],"7":[0,0],"8":[2,2],"9":[2,2],"10":[2,2],"11":[2,2]},"inputSourceMap":null,"_coverageSchema":"1a1c01bbd47fc00a2c39e90264f33305004495a9","hash":"dfe93b28a11df024bf7c7f76e00758661df6fd95"}
,"C:\\Users\\clari\\Documents\\Safira\\SafiraServerSide\\src\\services\\categoriaService.js": {"path":"C:\\Users\\clari\\Documents\\Safira\\SafiraServerSide\\src\\services\\categoriaService.js","statementMap":{"0":{"start":{"line":1,"column":26},"end":{"line":1,"column":61}},"1":{"start":{"line":2,"column":36},"end":{"line":2,"column":71}},"2":{"start":{"line":3,"column":30},"end":{"line":3,"column":65}},"3":{"start":{"line":5,"column":32},"end":{"line":12,"column":1}},"4":{"start":{"line":7,"column":4},"end":{"line":9,"column":5}},"5":{"start":{"line":8,"column":8},"end":{"line":8,"column":98}},"6":{"start":{"line":11,"column":4},"end":{"line":11,"column":83}},"7":{"start":{"line":14,"column":32},"end":{"line":18,"column":1}},"8":{"start":{"line":16,"column":4},"end":{"line":16,"column":55}},"9":{"start":{"line":19,"column":31},"end":{"line":22,"column":1}},"10":{"start":{"line":20,"column":15},"end":{"line":20,"column":75}},"11":{"start":{"line":21,"column":4},"end":{"line":21,"column":16}},"12":{"start":{"line":24,"column":22},"end":{"line":30,"column":1}},"13":{"start":{"line":25,"column":15},"end":{"line":25,"column":17}},"14":{"start":{"line":28,"column":4},"end":{"line":28,"column":42}},"15":{"start":{"line":33,"column":27},"end":{"line":101,"column":1}},"16":{"start":{"line":35,"column":2},"end":{"line":35,"column":99}},"17":{"start":{"line":37,"column":15},"end":{"line":37,"column":17}},"18":{"start":{"line":39,"column":19},"end":{"line":39,"column":86}},"19":{"start":{"line":40,"column":2},"end":{"line":40,"column":26}},"20":{"start":{"line":42,"column":2},"end":{"line":44,"column":3}},"21":{"start":{"line":43,"column":6},"end":{"line":43,"column":41}},"22":{"start":{"line":46,"column":2},"end":{"line":100,"column":3}},"23":{"start":{"line":47,"column":6},"end":{"line":47,"column":19}},"24":{"start":{"line":49,"column":6},"end":{"line":69,"column":7}},"25":{"start":{"line":50,"column":10},"end":{"line":53,"column":11}},"26":{"start":{"line":51,"column":14},"end":{"line":51,"column":77}},"27":{"start":{"line":52,"column":14},"end":{"line":52,"column":27}},"28":{"start":{"line":54,"column":10},"end":{"line":57,"column":11}},"29":{"start":{"line":55,"column":14},"end":{"line":55,"column":73}},"30":{"start":{"line":56,"column":14},"end":{"line":56,"column":27}},"31":{"start":{"line":58,"column":10},"end":{"line":61,"column":11}},"32":{"start":{"line":59,"column":14},"end":{"line":59,"column":73}},"33":{"start":{"line":60,"column":14},"end":{"line":60,"column":27}},"34":{"start":{"line":62,"column":10},"end":{"line":65,"column":11}},"35":{"start":{"line":63,"column":14},"end":{"line":63,"column":73}},"36":{"start":{"line":64,"column":14},"end":{"line":64,"column":27}},"37":{"start":{"line":67,"column":10},"end":{"line":67,"column":121}},"38":{"start":{"line":68,"column":10},"end":{"line":68,"column":34}},"39":{"start":{"line":70,"column":6},"end":{"line":90,"column":7}},"40":{"start":{"line":71,"column":10},"end":{"line":74,"column":11}},"41":{"start":{"line":72,"column":14},"end":{"line":72,"column":75}},"42":{"start":{"line":73,"column":14},"end":{"line":73,"column":27}},"43":{"start":{"line":75,"column":10},"end":{"line":78,"column":11}},"44":{"start":{"line":76,"column":14},"end":{"line":76,"column":71}},"45":{"start":{"line":77,"column":14},"end":{"line":77,"column":27}},"46":{"start":{"line":79,"column":10},"end":{"line":82,"column":11}},"47":{"start":{"line":80,"column":14},"end":{"line":80,"column":71}},"48":{"start":{"line":81,"column":14},"end":{"line":81,"column":27}},"49":{"start":{"line":83,"column":10},"end":{"line":86,"column":11}},"50":{"start":{"line":84,"column":14},"end":{"line":84,"column":71}},"51":{"start":{"line":85,"column":14},"end":{"line":85,"column":27}},"52":{"start":{"line":88,"column":10},"end":{"line":88,"column":119}},"53":{"start":{"line":89,"column":10},"end":{"line":89,"column":34}},"54":{"start":{"line":92,"column":6},"end":{"line":92,"column":47}},"55":{"start":{"line":94,"column":6},"end":{"line":94,"column":55}},"56":{"start":{"line":95,"column":6},"end":{"line":95,"column":44}},"57":{"start":{"line":96,"column":6},"end":{"line":96,"column":24}},"58":{"start":{"line":98,"column":6},"end":{"line":98,"column":19}},"59":{"start":{"line":104,"column":17},"end":{"line":179,"column":3}},"60":{"start":{"line":106,"column":4},"end":{"line":106,"column":101}},"61":{"start":{"line":108,"column":17},"end":{"line":108,"column":19}},"62":{"start":{"line":110,"column":21},"end":{"line":110,"column":81}},"63":{"start":{"line":112,"column":4},"end":{"line":112,"column":107}},"64":{"start":{"line":114,"column":4},"end":{"line":114,"column":28}},"65":{"start":{"line":116,"column":4},"end":{"line":118,"column":5}},"66":{"start":{"line":117,"column":8},"end":{"line":117,"column":43}},"67":{"start":{"line":120,"column":4},"end":{"line":178,"column":5}},"68":{"start":{"line":121,"column":8},"end":{"line":121,"column":21}},"69":{"start":{"line":123,"column":8},"end":{"line":143,"column":9}},"70":{"start":{"line":124,"column":12},"end":{"line":127,"column":13}},"71":{"start":{"line":125,"column":16},"end":{"line":125,"column":79}},"72":{"start":{"line":126,"column":16},"end":{"line":126,"column":29}},"73":{"start":{"line":128,"column":12},"end":{"line":131,"column":13}},"74":{"start":{"line":129,"column":16},"end":{"line":129,"column":75}},"75":{"start":{"line":130,"column":16},"end":{"line":130,"column":29}},"76":{"start":{"line":132,"column":12},"end":{"line":135,"column":13}},"77":{"start":{"line":133,"column":16},"end":{"line":133,"column":75}},"78":{"start":{"line":134,"column":16},"end":{"line":134,"column":29}},"79":{"start":{"line":136,"column":12},"end":{"line":139,"column":13}},"80":{"start":{"line":137,"column":16},"end":{"line":137,"column":75}},"81":{"start":{"line":138,"column":16},"end":{"line":138,"column":29}},"82":{"start":{"line":141,"column":12},"end":{"line":141,"column":123}},"83":{"start":{"line":142,"column":12},"end":{"line":142,"column":36}},"84":{"start":{"line":144,"column":8},"end":{"line":164,"column":9}},"85":{"start":{"line":145,"column":12},"end":{"line":148,"column":13}},"86":{"start":{"line":146,"column":16},"end":{"line":146,"column":77}},"87":{"start":{"line":147,"column":16},"end":{"line":147,"column":29}},"88":{"start":{"line":149,"column":12},"end":{"line":152,"column":13}},"89":{"start":{"line":150,"column":16},"end":{"line":150,"column":73}},"90":{"start":{"line":151,"column":16},"end":{"line":151,"column":29}},"91":{"start":{"line":153,"column":12},"end":{"line":156,"column":13}},"92":{"start":{"line":154,"column":16},"end":{"line":154,"column":73}},"93":{"start":{"line":155,"column":16},"end":{"line":155,"column":29}},"94":{"start":{"line":157,"column":12},"end":{"line":160,"column":13}},"95":{"start":{"line":158,"column":16},"end":{"line":158,"column":73}},"96":{"start":{"line":159,"column":16},"end":{"line":159,"column":29}},"97":{"start":{"line":162,"column":12},"end":{"line":162,"column":121}},"98":{"start":{"line":163,"column":12},"end":{"line":163,"column":36}},"99":{"start":{"line":166,"column":8},"end":{"line":166,"column":94}},"100":{"start":{"line":168,"column":8},"end":{"line":168,"column":52}},"101":{"start":{"line":170,"column":8},"end":{"line":170,"column":49}},"102":{"start":{"line":172,"column":8},"end":{"line":172,"column":51}},"103":{"start":{"line":173,"column":8},"end":{"line":173,"column":46}},"104":{"start":{"line":174,"column":8},"end":{"line":174,"column":26}},"105":{"start":{"line":176,"column":8},"end":{"line":176,"column":21}},"106":{"start":{"line":181,"column":0},"end":{"line":188,"column":2}}},"fnMap":{"0":{"name":"(anonymous_0)","decl":{"start":{"line":5,"column":32},"end":{"line":5,"column":33}},"loc":{"start":{"line":5,"column":68},"end":{"line":12,"column":1}},"line":5},"1":{"name":"(anonymous_1)","decl":{"start":{"line":14,"column":32},"end":{"line":14,"column":33}},"loc":{"start":{"line":14,"column":46},"end":{"line":18,"column":1}},"line":14},"2":{"name":"(anonymous_2)","decl":{"start":{"line":19,"column":31},"end":{"line":19,"column":32}},"loc":{"start":{"line":19,"column":50},"end":{"line":22,"column":1}},"line":19},"3":{"name":"(anonymous_3)","decl":{"start":{"line":24,"column":22},"end":{"line":24,"column":23}},"loc":{"start":{"line":24,"column":34},"end":{"line":30,"column":1}},"line":24},"4":{"name":"(anonymous_4)","decl":{"start":{"line":33,"column":27},"end":{"line":33,"column":28}},"loc":{"start":{"line":33,"column":69},"end":{"line":101,"column":1}},"line":33},"5":{"name":"(anonymous_5)","decl":{"start":{"line":104,"column":17},"end":{"line":104,"column":18}},"loc":{"start":{"line":104,"column":59},"end":{"line":179,"column":3}},"line":104}},"branchMap":{"0":{"loc":{"start":{"line":7,"column":4},"end":{"line":9,"column":5}},"type":"if","locations":[{"start":{"line":7,"column":4},"end":{"line":9,"column":5}},{"start":{},"end":{}}],"line":7},"1":{"loc":{"start":{"line":7,"column":8},"end":{"line":7,"column":36}},"type":"binary-expr","locations":[{"start":{"line":7,"column":8},"end":{"line":7,"column":16}},{"start":{"line":7,"column":20},"end":{"line":7,"column":36}}],"line":7},"2":{"loc":{"start":{"line":42,"column":2},"end":{"line":44,"column":3}},"type":"if","locations":[{"start":{"line":42,"column":2},"end":{"line":44,"column":3}},{"start":{},"end":{}}],"line":42},"3":{"loc":{"start":{"line":46,"column":2},"end":{"line":100,"column":3}},"type":"if","locations":[{"start":{"line":46,"column":2},"end":{"line":100,"column":3}},{"start":{"line":48,"column":9},"end":{"line":100,"column":3}}],"line":46},"4":{"loc":{"start":{"line":49,"column":6},"end":{"line":69,"column":7}},"type":"if","locations":[{"start":{"line":49,"column":6},"end":{"line":69,"column":7}},{"start":{},"end":{}}],"line":49},"5":{"loc":{"start":{"line":49,"column":10},"end":{"line":49,"column":57}},"type":"binary-expr","locations":[{"start":{"line":49,"column":10},"end":{"line":49,"column":43}},{"start":{"line":49,"column":47},"end":{"line":49,"column":57}}],"line":49},"6":{"loc":{"start":{"line":50,"column":10},"end":{"line":53,"column":11}},"type":"if","locations":[{"start":{"line":50,"column":10},"end":{"line":53,"column":11}},{"start":{},"end":{}}],"line":50},"7":{"loc":{"start":{"line":54,"column":10},"end":{"line":57,"column":11}},"type":"if","locations":[{"start":{"line":54,"column":10},"end":{"line":57,"column":11}},{"start":{},"end":{}}],"line":54},"8":{"loc":{"start":{"line":58,"column":10},"end":{"line":61,"column":11}},"type":"if","locations":[{"start":{"line":58,"column":10},"end":{"line":61,"column":11}},{"start":{},"end":{}}],"line":58},"9":{"loc":{"start":{"line":58,"column":13},"end":{"line":58,"column":125}},"type":"binary-expr","locations":[{"start":{"line":58,"column":14},"end":{"line":58,"column":50}},{"start":{"line":58,"column":57},"end":{"line":58,"column":86}},{"start":{"line":58,"column":92},"end":{"line":58,"column":124}}],"line":58},"10":{"loc":{"start":{"line":62,"column":10},"end":{"line":65,"column":11}},"type":"if","locations":[{"start":{"line":62,"column":10},"end":{"line":65,"column":11}},{"start":{},"end":{}}],"line":62},"11":{"loc":{"start":{"line":62,"column":13},"end":{"line":62,"column":86}},"type":"binary-expr","locations":[{"start":{"line":62,"column":14},"end":{"line":62,"column":50}},{"start":{"line":62,"column":56},"end":{"line":62,"column":85}}],"line":62},"12":{"loc":{"start":{"line":70,"column":6},"end":{"line":90,"column":7}},"type":"if","locations":[{"start":{"line":70,"column":6},"end":{"line":90,"column":7}},{"start":{},"end":{}}],"line":70},"13":{"loc":{"start":{"line":70,"column":10},"end":{"line":70,"column":53}},"type":"binary-expr","locations":[{"start":{"line":70,"column":10},"end":{"line":70,"column":41}},{"start":{"line":70,"column":45},"end":{"line":70,"column":53}}],"line":70},"14":{"loc":{"start":{"line":71,"column":10},"end":{"line":74,"column":11}},"type":"if","locations":[{"start":{"line":71,"column":10},"end":{"line":74,"column":11}},{"start":{},"end":{}}],"line":71},"15":{"loc":{"start":{"line":75,"column":10},"end":{"line":78,"column":11}},"type":"if","locations":[{"start":{"line":75,"column":10},"end":{"line":78,"column":11}},{"start":{},"end":{}}],"line":75},"16":{"loc":{"start":{"line":79,"column":10},"end":{"line":82,"column":11}},"type":"if","locations":[{"start":{"line":79,"column":10},"end":{"line":82,"column":11}},{"start":{},"end":{}}],"line":79},"17":{"loc":{"start":{"line":79,"column":13},"end":{"line":79,"column":119}},"type":"binary-expr","locations":[{"start":{"line":79,"column":14},"end":{"line":79,"column":48}},{"start":{"line":79,"column":55},"end":{"line":79,"column":82}},{"start":{"line":79,"column":88},"end":{"line":79,"column":118}}],"line":79},"18":{"loc":{"start":{"line":83,"column":10},"end":{"line":86,"column":11}},"type":"if","locations":[{"start":{"line":83,"column":10},"end":{"line":86,"column":11}},{"start":{},"end":{}}],"line":83},"19":{"loc":{"start":{"line":83,"column":13},"end":{"line":83,"column":82}},"type":"binary-expr","locations":[{"start":{"line":83,"column":14},"end":{"line":83,"column":48}},{"start":{"line":83,"column":54},"end":{"line":83,"column":81}}],"line":83},"20":{"loc":{"start":{"line":116,"column":4},"end":{"line":118,"column":5}},"type":"if","locations":[{"start":{"line":116,"column":4},"end":{"line":118,"column":5}},{"start":{},"end":{}}],"line":116},"21":{"loc":{"start":{"line":120,"column":4},"end":{"line":178,"column":5}},"type":"if","locations":[{"start":{"line":120,"column":4},"end":{"line":178,"column":5}},{"start":{"line":122,"column":11},"end":{"line":178,"column":5}}],"line":120},"22":{"loc":{"start":{"line":123,"column":8},"end":{"line":143,"column":9}},"type":"if","locations":[{"start":{"line":123,"column":8},"end":{"line":143,"column":9}},{"start":{},"end":{}}],"line":123},"23":{"loc":{"start":{"line":123,"column":12},"end":{"line":123,"column":59}},"type":"binary-expr","locations":[{"start":{"line":123,"column":12},"end":{"line":123,"column":45}},{"start":{"line":123,"column":49},"end":{"line":123,"column":59}}],"line":123},"24":{"loc":{"start":{"line":124,"column":12},"end":{"line":127,"column":13}},"type":"if","locations":[{"start":{"line":124,"column":12},"end":{"line":127,"column":13}},{"start":{},"end":{}}],"line":124},"25":{"loc":{"start":{"line":128,"column":12},"end":{"line":131,"column":13}},"type":"if","locations":[{"start":{"line":128,"column":12},"end":{"line":131,"column":13}},{"start":{},"end":{}}],"line":128},"26":{"loc":{"start":{"line":132,"column":12},"end":{"line":135,"column":13}},"type":"if","locations":[{"start":{"line":132,"column":12},"end":{"line":135,"column":13}},{"start":{},"end":{}}],"line":132},"27":{"loc":{"start":{"line":132,"column":15},"end":{"line":132,"column":127}},"type":"binary-expr","locations":[{"start":{"line":132,"column":16},"end":{"line":132,"column":52}},{"start":{"line":132,"column":59},"end":{"line":132,"column":88}},{"start":{"line":132,"column":94},"end":{"line":132,"column":126}}],"line":132},"28":{"loc":{"start":{"line":136,"column":12},"end":{"line":139,"column":13}},"type":"if","locations":[{"start":{"line":136,"column":12},"end":{"line":139,"column":13}},{"start":{},"end":{}}],"line":136},"29":{"loc":{"start":{"line":136,"column":15},"end":{"line":136,"column":88}},"type":"binary-expr","locations":[{"start":{"line":136,"column":16},"end":{"line":136,"column":52}},{"start":{"line":136,"column":58},"end":{"line":136,"column":87}}],"line":136},"30":{"loc":{"start":{"line":144,"column":8},"end":{"line":164,"column":9}},"type":"if","locations":[{"start":{"line":144,"column":8},"end":{"line":164,"column":9}},{"start":{},"end":{}}],"line":144},"31":{"loc":{"start":{"line":144,"column":12},"end":{"line":144,"column":55}},"type":"binary-expr","locations":[{"start":{"line":144,"column":12},"end":{"line":144,"column":43}},{"start":{"line":144,"column":47},"end":{"line":144,"column":55}}],"line":144},"32":{"loc":{"start":{"line":145,"column":12},"end":{"line":148,"column":13}},"type":"if","locations":[{"start":{"line":145,"column":12},"end":{"line":148,"column":13}},{"start":{},"end":{}}],"line":145},"33":{"loc":{"start":{"line":149,"column":12},"end":{"line":152,"column":13}},"type":"if","locations":[{"start":{"line":149,"column":12},"end":{"line":152,"column":13}},{"start":{},"end":{}}],"line":149},"34":{"loc":{"start":{"line":153,"column":12},"end":{"line":156,"column":13}},"type":"if","locations":[{"start":{"line":153,"column":12},"end":{"line":156,"column":13}},{"start":{},"end":{}}],"line":153},"35":{"loc":{"start":{"line":153,"column":15},"end":{"line":153,"column":121}},"type":"binary-expr","locations":[{"start":{"line":153,"column":16},"end":{"line":153,"column":50}},{"start":{"line":153,"column":57},"end":{"line":153,"column":84}},{"start":{"line":153,"column":90},"end":{"line":153,"column":120}}],"line":153},"36":{"loc":{"start":{"line":157,"column":12},"end":{"line":160,"column":13}},"type":"if","locations":[{"start":{"line":157,"column":12},"end":{"line":160,"column":13}},{"start":{},"end":{}}],"line":157},"37":{"loc":{"start":{"line":157,"column":15},"end":{"line":157,"column":84}},"type":"binary-expr","locations":[{"start":{"line":157,"column":16},"end":{"line":157,"column":50}},{"start":{"line":157,"column":56},"end":{"line":157,"column":83}}],"line":157}},"s":{"0":2,"1":2,"2":2,"3":2,"4":4,"5":2,"6":2,"7":2,"8":0,"9":2,"10":0,"11":0,"12":2,"13":0,"14":0,"15":2,"16":0,"17":0,"18":0,"19":0,"20":0,"21":0,"22":0,"23":0,"24":0,"25":0,"26":0,"27":0,"28":0,"29":0,"30":0,"31":0,"32":0,"33":0,"34":0,"35":0,"36":0,"37":0,"38":0,"39":0,"40":0,"41":0,"42":0,"43":0,"44":0,"45":0,"46":0,"47":0,"48":0,"49":0,"50":0,"51":0,"52":0,"53":0,"54":0,"55":0,"56":0,"57":0,"58":0,"59":2,"60":0,"61":0,"62":0,"63":0,"64":0,"65":0,"66":0,"67":0,"68":0,"69":0,"70":0,"71":0,"72":0,"73":0,"74":0,"75":0,"76":0,"77":0,"78":0,"79":0,"80":0,"81":0,"82":0,"83":0,"84":0,"85":0,"86":0,"87":0,"88":0,"89":0,"90":0,"91":0,"92":0,"93":0,"94":0,"95":0,"96":0,"97":0,"98":0,"99":0,"100":0,"101":0,"102":0,"103":0,"104":0,"105":0,"106":2},"f":{"0":4,"1":0,"2":0,"3":0,"4":0,"5":0},"b":{"0":[2,2],"1":[4,2],"2":[0,0],"3":[0,0],"4":[0,0],"5":[0,0],"6":[0,0],"7":[0,0],"8":[0,0],"9":[0,0,0],"10":[0,0],"11":[0,0],"12":[0,0],"13":[0,0],"14":[0,0],"15":[0,0],"16":[0,0],"17":[0,0,0],"18":[0,0],"19":[0,0],"20":[0,0],"21":[0,0],"22":[0,0],"23":[0,0],"24":[0,0],"25":[0,0],"26":[0,0],"27":[0,0,0],"28":[0,0],"29":[0,0],"30":[0,0],"31":[0,0],"32":[0,0],"33":[0,0],"34":[0,0],"35":[0,0,0],"36":[0,0],"37":[0,0]},"inputSourceMap":null,"_coverageSchema":"1a1c01bbd47fc00a2c39e90264f33305004495a9","hash":"48ed51b39a1a429c109b9b85a79d4cc4df53f15d"}
,"C:\\Users\\clari\\Documents\\Safira\\SafiraServerSide\\src\\services\\lancamentoService.js": {"path":"C:\\Users\\clari\\Documents\\Safira\\SafiraServerSide\\src\\services\\lancamentoService.js","statementMap":{"0":{"start":{"line":1,"column":35},"end":{"line":1,"column":74}},"1":{"start":{"line":2,"column":31},"end":{"line":2,"column":70}},"2":{"start":{"line":4,"column":37},"end":{"line":4,"column":76}},"3":{"start":{"line":6,"column":28},"end":{"line":106,"column":1}},"4":{"start":{"line":20,"column":4},"end":{"line":22,"column":5}},"5":{"start":{"line":21,"column":4},"end":{"line":21,"column":95}},"6":{"start":{"line":24,"column":4},"end":{"line":47,"column":5}},"7":{"start":{"line":26,"column":8},"end":{"line":28,"column":9}},"8":{"start":{"line":27,"column":12},"end":{"line":27,"column":98}},"9":{"start":{"line":30,"column":8},"end":{"line":42,"column":9}},"10":{"start":{"line":32,"column":12},"end":{"line":39,"column":13}},"11":{"start":{"line":33,"column":16},"end":{"line":33,"column":87}},"12":{"start":{"line":36,"column":16},"end":{"line":38,"column":21}},"13":{"start":{"line":37,"column":20},"end":{"line":37,"column":89}},"14":{"start":{"line":41,"column":8},"end":{"line":41,"column":82}},"15":{"start":{"line":46,"column":8},"end":{"line":46,"column":31}},"16":{"start":{"line":49,"column":4},"end":{"line":86,"column":5}},"17":{"start":{"line":50,"column":8},"end":{"line":50,"column":33}},"18":{"start":{"line":51,"column":8},"end":{"line":53,"column":9}},"19":{"start":{"line":52,"column":12},"end":{"line":52,"column":101}},"20":{"start":{"line":55,"column":8},"end":{"line":67,"column":9}},"21":{"start":{"line":56,"column":12},"end":{"line":56,"column":37}},"22":{"start":{"line":57,"column":12},"end":{"line":64,"column":13}},"23":{"start":{"line":58,"column":16},"end":{"line":58,"column":87}},"24":{"start":{"line":61,"column":16},"end":{"line":63,"column":21}},"25":{"start":{"line":62,"column":20},"end":{"line":62,"column":88}},"26":{"start":{"line":66,"column":8},"end":{"line":66,"column":81}},"27":{"start":{"line":69,"column":8},"end":{"line":81,"column":5}},"28":{"start":{"line":70,"column":8},"end":{"line":70,"column":47}},"29":{"start":{"line":71,"column":8},"end":{"line":78,"column":9}},"30":{"start":{"line":72,"column":12},"end":{"line":72,"column":79}},"31":{"start":{"line":75,"column":12},"end":{"line":77,"column":17}},"32":{"start":{"line":76,"column":16},"end":{"line":76,"column":82}},"33":{"start":{"line":80,"column":8},"end":{"line":80,"column":88}},"34":{"start":{"line":85,"column":8},"end":{"line":85,"column":30}},"35":{"start":{"line":89,"column":4},"end":{"line":101,"column":6}},"36":{"start":{"line":103,"column":4},"end":{"line":103,"column":37}},"37":{"start":{"line":108,"column":28},"end":{"line":123,"column":1}},"38":{"start":{"line":109,"column":17},"end":{"line":109,"column":19}},"39":{"start":{"line":111,"column":4},"end":{"line":114,"column":5}},"40":{"start":{"line":113,"column":8},"end":{"line":113,"column":43}},"41":{"start":{"line":116,"column":4},"end":{"line":122,"column":5}},"42":{"start":{"line":117,"column":8},"end":{"line":117,"column":27}},"43":{"start":{"line":118,"column":8},"end":{"line":118,"column":21}},"44":{"start":{"line":121,"column":8},"end":{"line":121,"column":37}},"45":{"start":{"line":125,"column":29},"end":{"line":129,"column":1}},"46":{"start":{"line":126,"column":4},"end":{"line":126,"column":26}},"47":{"start":{"line":127,"column":4},"end":{"line":127,"column":25}},"48":{"start":{"line":128,"column":4},"end":{"line":128,"column":25}},"49":{"start":{"line":131,"column":28},"end":{"line":334,"column":1}},"50":{"start":{"line":133,"column":15},"end":{"line":133,"column":17}},"51":{"start":{"line":135,"column":19},"end":{"line":135,"column":158}},"52":{"start":{"line":137,"column":2},"end":{"line":139,"column":3}},"53":{"start":{"line":138,"column":6},"end":{"line":138,"column":41}},"54":{"start":{"line":141,"column":2},"end":{"line":333,"column":5}},"55":{"start":{"line":142,"column":6},"end":{"line":142,"column":19}},"56":{"start":{"line":145,"column":6},"end":{"line":147,"column":7}},"57":{"start":{"line":146,"column":10},"end":{"line":146,"column":60}},"58":{"start":{"line":149,"column":6},"end":{"line":163,"column":7}},"59":{"start":{"line":150,"column":10},"end":{"line":153,"column":11}},"60":{"start":{"line":151,"column":14},"end":{"line":151,"column":70}},"61":{"start":{"line":152,"column":14},"end":{"line":152,"column":27}},"62":{"start":{"line":154,"column":23},"end":{"line":154,"column":25}},"63":{"start":{"line":155,"column":10},"end":{"line":155,"column":36}},"64":{"start":{"line":156,"column":10},"end":{"line":160,"column":11}},"65":{"start":{"line":157,"column":14},"end":{"line":157,"column":39}},"66":{"start":{"line":158,"column":14},"end":{"line":158,"column":31}},"67":{"start":{"line":159,"column":14},"end":{"line":159,"column":31}},"68":{"start":{"line":161,"column":10},"end":{"line":161,"column":77}},"69":{"start":{"line":165,"column":6},"end":{"line":185,"column":7}},"70":{"start":{"line":166,"column":10},"end":{"line":169,"column":11}},"71":{"start":{"line":167,"column":14},"end":{"line":167,"column":77}},"72":{"start":{"line":168,"column":14},"end":{"line":168,"column":27}},"73":{"start":{"line":170,"column":10},"end":{"line":173,"column":11}},"74":{"start":{"line":171,"column":14},"end":{"l
[...]
ymous_2)","decl":{"start":{"line":125,"column":29},"end":{"line":125,"column":30}},"loc":{"start":{"line":125,"column":41},"end":{"line":129,"column":1}},"line":125},"3":{"name":"(anonymous_3)","decl":{"start":{"line":131,"column":28},"end":{"line":131,"column":29}},"loc":{"start":{"line":131,"column":112},"end":{"line":334,"column":1}},"line":131}},"branchMap":{"0":{"loc":{"start":{"line":20,"column":4},"end":{"line":22,"column":5}},"type":"if","locations":[{"start":{"line":20,"column":4},"end":{"line":22,"column":5}},{"start":{},"end":{}}],"line":20},"1":{"loc":{"start":{"line":20,"column":8},"end":{"line":20,"column":47}},"type":"binary-expr","locations":[{"start":{"line":20,"column":8},"end":{"line":20,"column":14}},{"start":{"line":20,"column":18},"end":{"line":20,"column":36}},{"start":{"line":20,"column":40},"end":{"line":20,"column":47}}],"line":20},"2":{"loc":{"start":{"line":24,"column":4},"end":{"line":47,"column":5}},"type":"if","locations":[{"start":{"line":24,"column":4},"end":{"line":47,"column":5}},{"start":{"line":45,"column":8},"end":{"line":47,"column":5}}],"line":24},"3":{"loc":{"start":{"line":26,"column":8},"end":{"line":28,"column":9}},"type":"if","locations":[{"start":{"line":26,"column":8},"end":{"line":28,"column":9}},{"start":{},"end":{}}],"line":26},"4":{"loc":{"start":{"line":26,"column":12},"end":{"line":26,"column":63}},"type":"binary-expr","locations":[{"start":{"line":26,"column":12},"end":{"line":26,"column":36}},{"start":{"line":26,"column":40},"end":{"line":26,"column":63}}],"line":26},"5":{"loc":{"start":{"line":30,"column":8},"end":{"line":42,"column":9}},"type":"if","locations":[{"start":{"line":30,"column":8},"end":{"line":42,"column":9}},{"start":{"line":40,"column":13},"end":{"line":42,"column":9}}],"line":30},"6":{"loc":{"start":{"line":32,"column":12},"end":{"line":39,"column":13}},"type":"if","locations":[{"start":{"line":32,"column":12},"end":{"line":39,"column":13}},{"start":{"line":35,"column":16},"end":{"line":39,"column":13}}],"line":32},"7":{"loc":{"start":{"line":36,"column":16},"end":{"line":38,"column":21}},"type":"if","locations":[{"start":{"line":36,"column":16},"end":{"line":38,"column":21}},{"start":{},"end":{}}],"line":36},"8":{"loc":{"start":{"line":36,"column":20},"end":{"line":36,"column":57}},"type":"binary-expr","locations":[{"start":{"line":36,"column":20},"end":{"line":36,"column":36}},{"start":{"line":36,"column":40},"end":{"line":36,"column":57}}],"line":36},"9":{"loc":{"start":{"line":49,"column":4},"end":{"line":86,"column":5}},"type":"if","locations":[{"start":{"line":49,"column":4},"end":{"line":86,"column":5}},{"start":{"line":84,"column":8},"end":{"line":86,"column":5}}],"line":49},"10":{"loc":{"start":{"line":51,"column":8},"end":{"line":53,"column":9}},"type":"if","locations":[{"start":{"line":51,"column":8},"end":{"line":53,"column":9}},{"start":{},"end":{}}],"line":51},"11":{"loc":{"start":{"line":51,"column":12},"end":{"line":51,"column":61}},"type":"binary-expr","locations":[{"start":{"line":51,"column":12},"end":{"line":51,"column":35}},{"start":{"line":51,"column":39},"end":{"line":51,"column":61}}],"line":51},"12":{"loc":{"start":{"line":55,"column":8},"end":{"line":67,"column":9}},"type":"if","locations":[{"start":{"line":55,"column":8},"end":{"line":67,"column":9}},{"start":{"line":65,"column":13},"end":{"line":67,"column":9}}],"line":55},"13":{"loc":{"start":{"line":57,"column":12},"end":{"line":64,"column":13}},"type":"if","locations":[{"start":{"line":57,"column":12},"end":{"line":64,"column":13}},{"start":{"line":60,"column":16},"end":{"line":64,"column":13}}],"line":57},"14":{"loc":{"start":{"line":61,"column":16},"end":{"line":63,"column":21}},"type":"if","locations":[{"start":{"line":61,"column":16},"end":{"line":63,"column":21}},{"start":{},"end":{}}],"line":61},"15":{"loc":{"start":{"line":61,"column":20},"end":{"line":61,"column":57}},"type":"binary-expr","locations":[{"start":{"line":61,"column":20},"end":{"line":61,"column":36}},{"start":{"line":61,"column":40},"end":{"line":61,"column":57}}],"line":61},"16":{"loc":{"start":{"line":69,"column":8},"end":{"line":81,"column":5}},"type":"if","locations":[{"start":{"line":69,"column":8},"end":{"line":81,"column":5}},{"start":{"line":79,"column":9},"end":{"line":81,"column":5}}],"line":69},"17":{"loc":{"start":{"line":71,"column":8},"end":{"line":78,"column":9}},"type":"if","locations":[{"start":{"line":71,"column":8},"end":{"line":78,"column":9}},{"start":{"line":74,"column":12},"end":{"line":78,"column":9}}],"line":71},"18":{"loc":{"start":{"line":75,"column":12},"end":{"line":77,"column":17}},"type":"if","locations":[{"start":{"line":75,"column":12},"end":{"line":77,"column":17}},{"start":{},"end":{}}],"line":75},"19":{"loc":{"start":{"line":111,"column":4},"end":{"line":114,"column":5}},"type":"if","locations":[{"start":{"line":111,"column":4},"end":{"line":114,"column":5}},{"start":{},"end":{}}],"line":111},"20":{"loc":{"start":{"line":116,"column":4},"end":{"line":122,"column":5}},"type":"if","locations":[{"start":{"line":116,"column":4},"end":{"line":122,"column":5}},{"start":{"line":120,"column":9},"end":{"line":122,"column":5}}],"line":116},"21":{"loc":{"start":{"line":137,"column":2},"end":{"line":139,"column":3}},"type":"if","locations":[{"start":{"line":137,"column":2},"end":{"line":139,"column":3}},{"start":{},"end":{}}],"line":137},"22":{"loc":{"start":{"line":141,"column":2},"end":{"line":333,"column":5}},"type":"if","locations":[{"start":{"line":141,"column":2},"end":{"line":333,"column":5}},{"start":{"line":143,"column":9},"end":{"line":333,"column":5}}],"line":141},"23":{"loc":{"start":{"line":145,"column":6},"end":{"line":147,"column":7}},"type":"if","locations":[{"start":{"line":145,"column":6},"end":{"line":147,"column":7}},{"start":{},"end":{}}],"line":145},"24":{"loc":{"start":{"line":145,"column":10},"end":{"line":145,"column":41}},"type":"binary-expr","locations":[{"start":{"line":145,"column":10},"end":{"line":145,"column":35}},{"start":{"line":145,"column":39},"end":{"line":145,"column":41}}],"line":145},"25":{"loc":{"start":{"line":149,"column":6},"end":{"line":163,"column":7}},"type":"if","locations":[{"start":{"line":149,"column":6},"end":{"line":163,"column":7}},{"start":{},"end":{}}],"line":149},"26":{"loc":{"start":{"line":149,"column":10},"end":{"line":149,"column":49}},"type":"binary-expr","locations":[{"start":{"line":149,"column":10},"end":{"line":149,"column":39}},{"start":{"line":149,"column":43},"end":{"line":149,"column":49}}],"line":149},"27":{"loc":{"start":{"line":150,"column":10},"end":{"line":153,"column":11}},"type":"if","locations":[{"start":{"line":150,"column":10},"end":{"line":153,"column":11}},{"start":{},"end":{}}],"line":150},"28":{"loc":{"start":{"line":150,"column":13},"end":{"line":150,"column":58}},"type":"binary-expr","locations":[{"start":{"line":150,"column":13},"end":{"line":150,"column":24}},{"start":{"line":150,"column":28},"end":{"line":150,"column":39}},{"start":{"line":150,"column":43},"end":{"line":150,"column":58}}],"line":150},"29":{"loc":{"start":{"line":165,"column":6},"end":{"line":185,"column":7}},"type":"if","locations":[{"start":{"line":165,"column":6},"end":{"line":185,"column":7}},{"start":{},"end":{}}],"line":165},"30":{"loc":{"start":{"line":165,"column":10},"end":{"line":165,"column":57}},"type":"binary-expr","locations":[{"start":{"line":165,"column":10},"end":{"line":165,"column":43}},{"start":{"line":165,"column":47},"end":{"line":165,"column":57}}],"line":165},"31":{"loc":{"start":{"line":166,"column":10},"end":{"line":169,"column":11}},"type":"if","locations":[{"start":{"line":166,"column":10},"end":{"line":169,"column":11}},{"start":{},"end":{}}],"line":166},"32":{"loc":{"start":{"line":170,"column":10},"end":{"line":173,"column":11}},"type":"if","locations":[{"start":{"line":170,"column":10},"end":{"line":173,"column":11}},{"start":{},"end":{}}],"line":170},"33":{"loc":{"start":{"line":174,"column":10},"end":{"line":177,"column":11}},"type":"if","locations":[{"start":{"line":174,"column":10},"end":{"line":177,"column":11}},{"start":{},"end":{}}],"line":174},"34":{"loc":{"start":{"line":174,"column":13},"end":{"line":174,"column":125}},"type":"binary-expr","locations":[{"start":{"line":174,"column":14},"end":{"line":174,"column":50}},{"start":{"line":174,"column":57},"end":{"line":174,"column":86}},{"start":{"line":174,"column":92},"end":{"line":174,"column":124}}],"line":174},"35":{"loc":{"start":{"line":178,"column":10},"end":{"line":181,"column":11}},"type":"if","locations":[{"start":{"line":178,"column":10},"end":{"line":181,"column":11}},{"start":{},"end":{}}],"line":178},"36":{"loc":{"start":{"line":178,"column":13},"end":{"line":178,"column":86}},"type":"binary-expr","locations":[{"start":{"line":178,"column":14},"end":{"line":178,"column":50}},{"start":{"line":178,"column":56},"end":{"line":178,"column":85}}],"line":178},"37":{"loc":{"start":{"line":187,"column":6},"end":{"line":207,"column":7}},"type":"if","locations":[{"start":{"line":187,"column":6},"end":{"line":207,"column":7}},{"start":{},"end":{}}],"line":187},"38":{"loc":{"start":{"line":187,"column":10},"end":{"line":187,"column":53}},"type":"binary-expr","locations":[{"start":{"line":187,"column":10},"end":{"line":187,"column":41}},{"start":{"line":187,"column":45},"end":{"line":187,"column":53}}],"line":187},"39":{"loc":{"start":{"line":188,"column":10},"end":{"line":191,"column":11}},"type":"if","locations":[{"start":{"line":188,"column":10},"end":{"line":191,"column":11}},{"start":{},"end":{}}],"line":188},"40":{"loc":{"start":{"line":192,"column":10},"end":{"line":195,"column":11}},"type":"if","locations":[{"start":{"line":192,"column":10},"end":{"line":195,"column":11}},{"start":{},"end":{}}],"line":192},"41":{"loc":{"start":{"line":196,"column":10},"end":{"line":199,"column":11}},"type":"if","locations":[{"start":{"line":196,"column":10},"end":{"line":199,"column":11}},{"start":{},"end":{}}],"line":196},"42":{"loc":{"start":{"line":196,"column":13},"end":{"line":196,"column":119}},"type":"binary-expr","locations":[{"start":{"line":196,"column":14},"end":{"line":196,"column":48}},{"start":{"line":196,"column":55},"end":{"line":196,"column":82}},{"start":{"line":196,"column":88},"end":{"line":196,"column":118}}],"line":196},"43":{"loc":{"start":{"line":200,"column":10},"end":{"line":203,"column":11}},"type":"if","locations":[{"start":{"line":200,"column":10},"end":{"line":203,"column":11}},{"start":{},"end":{}}],"line":200},"44":{"loc":{"start":{"line":200,"column":13},"end":{"line":200,"column":82}},"type":"binary-expr","locations":[{"start":{"line":200,"column":14},"end":{"line":200,"column":48}},{"start":{"line":200,"column":54},"end":{"line":200,"column":81}}],"line":200},"45":{"loc":{"start":{"line":208,"column":6},"end":{"line":218,"column":7}},"type":"if","locations":[{"start":{"line":208,"column":6},"end":{"line":218,"column":7}},{"start":{},"end":{}}],"line":208},"46":{"loc":{"start":{"line":208,"column":10},"end":{"line":208,"column":49}},"type":"binary-expr","locations":[{"start":{"line":208,"column":10},"end":{"line":208,"column":39}},{"start":{"line":208,"column":43},"end":{"line":208,"column":49}}],"line":208},"47":{"loc":{"start":{"line":220,"column":6},"end":{"line":242,"column":5}},"type":"if","locations":[{"start":{"line":220,"column":6},"end":{"line":242,"column":5}},{"start":{},"end":{}}],"line":220},"48":{"loc":{"start":{"line":220,"column":10},"end":{"line":220,"column":61}},"type":"binary-expr","locations":[{"start":{"line":220,"column":10},"end":{"line":220,"column":45}},{"start":{"line":220,"column":49},"end":{"line":220,"column":61}}],"line":220},"49":{"loc":{"start":{"line":226,"column":12},"end":{"line":233,"column":14}},"type":"if","locations":[{"start":{"line":226,"column":12},"end":{"line":233,"column":14}},{"start":{"line":229,"column":17},"end":{"line":233,"column":14}}],"line":226},"50":{"loc":{"start":{"line":244,"column":4},"end":{"line":258,"column":5}},"type":"if","locations":[{"start":{"line":244,"column":4},"end":{"line":258,"column":5}},{"start":{"line":255,"column":9},"end":{"line":258,"column":5}}],"line":244},"51":{"loc":{"start":{"line":244,"column":8},"end":{"line":244,"column":49}},"type":"binary-expr","locations":[{"start":{"line":244,"column":8},"end":{"line":244,"column":38}},{"start":{"line":244,"column":42},"end":{"line":244,"column":49}}],"line":244},"52":{"loc":{"start":{"line":245,"column":8},"end":{"line":254,"column":9}},"type":"if","locations":[{"start":{"line":245,"column":8},"end":{"line":254,"column":9}},{"start":{"line":250,"column":12},"end":{"line":254,"column":9}}],"line":245},"53":{"loc":{"start":{"line":271,"column":8},"end":{"line":328,"column":9}},"type":"if","locations":[{"start":{"line":271,"column":8},"end":{"line":328,"column":9}},{"start":{"line":326,"column":12},"end":{"line":328,"column":9}}],"line":271},"54":{"loc":{"start":{"line":285,"column":12},"end":{"line":291,"column":13}},"type":"if","locations":[{"start":{"line":285,"column":12},"end":{"line":291,"column":13}},{"start":{"line":289,"column":16},"end":{"line":291,"column":13}}],"line":285},"55":{"loc":{"start":{"line":301,"column":12},"end":{"line":324,"column":13}},"type":"if","locations":[{"start":{"line":301,"column":12},"end":{"line":324,"column":13}},{"start":{"line":307,"column":16},"end":{"line":324,"column":13}}],"line":301},"56":{"loc":{"start":{"line":301,"column":15},"end":{"line":301,"column":83}},"type":"binary-expr","locations":[{"start":{"line":301,"column":15},"end":{"line":301,"column":48}},{"start":{"line":301,"column":52},"end":{"line":301,"column":83}}],"line":301},"57":{"loc":{"start":{"line":303,"column":16},"end":{"line":305,"column":17}},"type":"if","locations":[{"start":{"line":303,"column":16},"end":{"line":305,"column":17}},{"start":{},"end":{}}],"line":303},"58":{"loc":{"start":{"line":303,"column":19},"end":{"line":303,"column":83}},"type":"binary-expr","locations":[{"start":{"line":303,"column":19},"end":{"line":303,"column":50}},{"start":{"line":303,"column":54},"end":{"line":303,"column":83}}],"line":303},"59":{"loc":{"start":{"line":308,"column":16},"end":{"line":313,"column":17}},"type":"if","locations":[{"start":{"line":308,"column":16},"end":{"line":313,"column":17}},{"start":{},"end":{}}],"line":308},"60":{"loc":{"start":{"line":310,"column":20},"end":{"line":312,"column":21}},"type":"if","locations":[{"start":{"line":310,"column":20},"end":{"line":312,"column":21}},{"start":{},"end":{}}],"line":310},"61":{"loc":{"start":{"line":314,"column":16},"end":{"line":319,"column":17}},"type":"if","locations":[{"start":{"line":314,"column":16},"end":{"line":319,"column":17}},{"start":{},"end":{}}],"line":314},"62":{"loc":{"start":{"line":316,"column":20},"end":{"line":318,"column":21}},"type":"if","locations":[{"start":{"line":316,"column":20},"end":{"line":318,"column":21}},{"start":{},"end":{}}],"line":316},"63":{"loc":{"start":{"line":320,"column":16},"end":{"line":323,"column":17}},"type":"if","locations":[{"start":{"line":320,"column":16},"end":{"line":323,"column":17}},{"start":{},"end":{}}],"line":320},"64":{"loc":{"start":{"line":320,"column":19},"end":{"line":320,"column":85}},"type":"binary-expr","locations":[{"start":{"line":320,"column":19},"end":{"line":320,"column":51}},{"start":{"line":320,"column":55},"end":{"line":320,"column":85}}],"line":320}},"s":{"0":2,"1":2,"2":2,"3":2,"4":4,"5":2,"6":2,"7":0,"8":0,"9":0,"10":0,"11":0,"12":0,"13":0,"14":0,"15":2,"16":2,"17":0,"18":0,"19":0,"20":0,"21":0,"22":0,"23":0,"24":0,"25":0,"26":0,"27":0,"28":0,"29":0,"30":0,"31":0,"32":0,"33":0,"34":2,"35":2,"36":2,"37":2,"38":4,"39":4,"40":2,"41":4,"42":2,"43":2,"44":2,"45":2,"46":0,"47":0,"48":0,"49":2,"50":0,"51":0,"52":0,"53":0,"54":0,"55":0,"56":0,"57":0,"58":0,"59":0,"60":0,"61":0,"62":0,"63":0,"64":0,"65":0,"66":0,"67":0,"68":0,"69":0,"70":0,"71":0,"72":0,"73":0,"74":0,"75":0,"76":0,"77":0,"78":0,"79":0,"80":0,"81":0,"82":0,"83":0,"84":0,"85":0,"86":0,"87":0,"88":0,"89":0,"90":0,"91":0,"92":0,"93":0,"94":0,"95":0,"96":0,"97":0,"98":0,"99":0,"100":0,"101":0,"102":0,"103":0,"104":0,"105":0,"106":0,"107":0,"108":0,"109":0,"110":0,"111":0,"112":0,"113":0,"114":0,"115":0,"116":0,"117":0,"118":0,"119":0,"120":0,"121":0,"122":0,"123":0,"124":0,"125":0,"126":0,"127":0,"128":0,"129":0,"130":0,"131":0,"132":0,"133":0,"134":0,"135":0,"136":0,"137":0,"138":0,"139":0,"140":0,"141":0,"142":0,"143":0,"144":0,"145":0,"146":0,"147":0,"148":0,"149":0,"150":0,"151":0,"152":0,"153":0,"154":0,"155":0,"156":0,"157":0,"158":0,"159":0,"160":0,"161":0,"162":0,"163":0,"164":0,"165":2},"f":{"0":4,"1":4,"2":0,"3":0},"b":{"0":[2,2],"1":[4,2,2],"2":[0,2],"3":[0,0],"4":[0,0],"5":[0,0],"6":[0,0],"7":[0,0],"8":[0,0],"9":[0,2],"10":[0,0],"11":[0,0],"12":[0,0],"13":[0,0],"14":[0,0],"15":[0,0],"16":[0,0],"17":[0,0],"18":[0,0],"19":[2,2],"20":[2,2],"21":[0,0],"22":[0,0],"23":[0,0],"24":[0,0],"25":[0,0],"26":[0,0],"27":[0,0],"28":[0,0,0],"29":[0,0],"30":[0,0],"31":[0,0],"32":[0,0],"33":[0,0],"34":[0,0,0],"35":[0,0],"36":[0,0],"37":[0,0],"38":[0,0],"39":[0,0],"40":[0,0],"41":[0,0],"42":[0,0,0],"43":[0,0],"44":[0,0],"45":[0,0],"46":[0,0],"47":[0,0],"48":[0,0],"49":[0,0],"50":[0,0],"51":[0,0],"52":[0,0],"53":[0,0],"54":[0,0],"55":[0,0],"56":[0,0],"57":[0,0],"58":[0,0],"59":[0,0],"60":[0,0],"61":[0,0],"62":[0,0],"63":[0,0],"64":[0,0]},"inputSourceMap":null,"_coverageSchema":"1a1c01bbd47fc00a2c39e90264f33305004495a9","hash":"394721e297d443c2b6bd972b88395f834e236034"}
,"C:\\Users\\clari\\Documents\\Safira\\SafiraServerSide\\src\\services\\planejamentoService.js": {"path":"C:\\Users\\clari\\Documents\\Safira\\SafiraServerSide\\src\\services\\planejamentoService.js","statementMap":{"0":{"start":{"line":1,"column":26},"end":{"line":1,"column":63}},"1":{"start":{"line":3,"column":30},"end":{"line":5,"column":1}},"2":{"start":{"line":4,"column":4},"end":{"line":4,"column":90}},"3":{"start":{"line":7,"column":30},"end":{"line":14,"column":1}},"4":{"start":{"line":9,"column":4},"end":{"line":11,"column":5}},"5":{"start":{"line":10,"column":8},"end":{"line":10,"column":36}},"6":{"start":{"line":12,"column":4},"end":{"line":12,"column":77}},"7":{"start":{"line":16,"column":30},"end":{"line":26,"column":1}},"8":{"start":{"line":17,"column":4},"end":{"line":17,"column":73}},"9":{"start":{"line":19,"column":4},"end":{"line":19,"column":65}},"10":{"start":{"line":21,"column":4},"end":{"line":21,"column":42}},"11":{"start":{"line":22,"column":4},"end":{"line":22,"column":22}},"12":{"start":{"line":24,"column":4},"end":{"line":24,"column":16}},"13":{"start":{"line":28,"column":0},"end":{"line":32,"column":2}}},"fnMap":{"0":{"name":"(anonymous_0)","decl":{"start":{"line":3,"column":30},"end":{"line":3,"column":31}},"loc":{"start":{"line":3,"column":75},"end":{"line":5,"column":1}},"line":3},"1":{"name":"(anonymous_1)","decl":{"start":{"line":7,"column":30},"end":{"line":7,"column":31}},"loc":{"start":{"line":7,"column":68},"end":{"line":14,"column":1}},"line":7},"2":{"name":"(anonymous_2)","decl":{"start":{"line":16,"column":30},"end":{"line":16,"column":31}},"loc":{"start":{"line":16,"column":47},"end":{"line":26,"column":1}},"line":16}},"branchMap":{"0":{"loc":{"start":{"line":9,"column":4},"end":{"line":11,"column":5}},"type":"if","locations":[{"start":{"line":9,"column":4},"end":{"line":11,"column":5}},{"start":{},"end":{}}],"line":9},"1":{"loc":{"start":{"line":9,"column":8},"end":{"line":9,"column":62}},"type":"binary-expr","locations":[{"start":{"line":9,"column":8},"end":{"line":9,"column":23}},{"start":{"line":9,"column":27},"end":{"line":9,"column":38}},{"start":{"line":9,"column":42},"end":{"line":9,"column":62}}],"line":9}},"s":{"0":2,"1":2,"2":2,"3":2,"4":4,"5":2,"6":2,"7":2,"8":0,"9":0,"10":0,"11":0,"12":0,"13":2},"f":{"0":2,"1":4,"2":0},"b":{"0":[2,2],"1":[4,2,2]},"inputSourceMap":null,"_coverageSchema":"1a1c01bbd47fc00a2c39e90264f33305004495a9","hash":"a14c33916c212db9ce8bdf98d72862417e55e408"}
}
